<?xml version="1.0" encoding="UTF-8"?>
<testsuite name="net.sourceforge.czt.parser.zeves.ScanningTest" time="3.376" tests="91" errors="0" skipped="0" failures="0">
  <properties>
[...]
</properties>
  <testcase name="Test normal: /root/czt-code/parser/parser-zeves/target/test-classes/tests/zeves/TID-proofs.tex" classname="net.sourceforge.czt.parser.zeves.ScanningTest$TestNormal" time="0.683"/>
  <testcase name="Test normal: /root/czt-code/parser/parser-zeves/target/test-classes/tests/zeves/appTo.tex" classname="net.sourceforge.czt.parser.zeves.ScanningTest$TestNormal" time="0.06"/>
  <testcase name="Test normal: /root/czt-code/parser/parser-zeves/target/test-classes/tests/zeves/appTo.zed8" classname="net.sourceforge.czt.parser.zeves.ScanningTest$TestNormal" time="0"/>
  <testcase name="Test normal: /root/czt-code/parser/parser-zeves/target/test-classes/tests/zeves/atm_bags.tex" classname="net.sourceforge.czt.parser.zeves.ScanningTest$TestNormal" time="0.067"/>
  <testcase name="Test normal: /root/czt-code/parser/parser-zeves/target/test-classes/tests/zeves/bar.tex" classname="net.sourceforge.czt.parser.zeves.ScanningTest$TestNormal" time="0"/>
  <testcase name="Test normal: /root/czt-code/parser/parser-zeves/target/test-classes/tests/zeves/bbook.tex" classname="net.sourceforge.czt.parser.zeves.ScanningTest$TestNormal" time="0.052"/>
  <testcase name="Test normal: /root/czt-code/parser/parser-zeves/target/test-classes/tests/zeves/bbook.zed8" classname="net.sourceforge.czt.parser.zeves.ScanningTest$TestNormal" time="0.024"/>
  <testcase name="Test normal: /root/czt-code/parser/parser-zeves/target/test-classes/tests/zeves/bindExpr.tex" classname="net.sourceforge.czt.parser.zeves.ScanningTest$TestNormal" time="0.042"/>
  <testcase name="Test normal: /root/czt-code/parser/parser-zeves/target/test-classes/tests/zeves/bindExpr.zed8" classname="net.sourceforge.czt.parser.zeves.ScanningTest$TestNormal" time="0.022"/>
  <testcase name="Test normal: /root/czt-code/parser/parser-zeves/target/test-classes/tests/zeves/chain.tex" classname="net.sourceforge.czt.parser.zeves.ScanningTest$TestNormal" time="0.332"/>
  <testcase name="Test normal: /root/czt-code/parser/parser-zeves/target/test-classes/tests/zeves/dollarNamedThm.tex" classname="net.sourceforge.czt.parser.zeves.ScanningTest$TestNormal" time="0.053"/>
  <testcase name="Test normal: /root/czt-code/parser/parser-zeves/target/test-classes/tests/zeves/dollarNamedThm.zed8" classname="net.sourceforge.czt.parser.zeves.ScanningTest$TestNormal" time="0.011"/>
  <testcase name="Test normal: /root/czt-code/parser/parser-zeves/target/test-classes/tests/zeves/foo.tex" classname="net.sourceforge.czt.parser.zeves.ScanningTest$TestNormal" time="0"/>
  <testcase name="Test normal: /root/czt-code/parser/parser-zeves/target/test-classes/tests/zeves/freertos.tex" classname="net.sourceforge.czt.parser.zeves.ScanningTest$TestNormal" time="0.074"/>
  <testcase name="Test normal: /root/czt-code/parser/parser-zeves/target/test-classes/tests/zeves/genericSchemas.tex" classname="net.sourceforge.czt.parser.zeves.ScanningTest$TestNormal" time="0.048"/>
  <testcase name="Test normal: /root/czt-code/parser/parser-zeves/target/test-classes/tests/zeves/genericSchemas.zed8" classname="net.sourceforge.czt.parser.zeves.ScanningTest$TestNormal" time="0.007"/>
  <testcase name="Test normal: /root/czt-code/parser/parser-zeves/target/test-classes/tests/zeves/instantiateTest.tex" classname="net.sourceforge.czt.parser.zeves.ScanningTest$TestNormal" time="0.044"/>
  <testcase name="Test normal: /root/czt-code/parser/parser-zeves/target/test-classes/tests/zeves/keywordProblems.tex" classname="net.sourceforge.czt.parser.zeves.ScanningTest$TestNormal" time="0.049"/>
  <testcase name="Test normal: /root/czt-code/parser/parser-zeves/target/test-classes/tests/zeves/missingHardSpace.tex" classname="net.sourceforge.czt.parser.zeves.ScanningTest$TestNormal" time="0.047"/>
  <testcase name="Test normal: /root/czt-code/parser/parser-zeves/target/test-classes/tests/zeves/opnames.tex" classname="net.sourceforge.czt.parser.zeves.ScanningTest$TestNormal" time="0.048"/>
  <testcase name="Test normal: /root/czt-code/parser/parser-zeves/target/test-classes/tests/zeves/proofCmds.tex" classname="net.sourceforge.czt.parser.zeves.ScanningTest$TestNormal" time="0.063"/>
  <testcase name="Test normal: /root/czt-code/parser/parser-zeves/target/test-classes/tests/zeves/proofGoal.tex" classname="net.sourceforge.czt.parser.zeves.ScanningTest$TestNormal" time="0.044"/>
  <testcase name="Test normal: /root/czt-code/parser/parser-zeves/target/test-classes/tests/zeves/proofGoal.zed8" classname="net.sourceforge.czt.parser.zeves.ScanningTest$TestNormal" time="0.006"/>
  <testcase name="Test normal: /root/czt-code/parser/parser-zeves/target/test-classes/tests/zeves/proofGoalPP.tex" classname="net.sourceforge.czt.parser.zeves.ScanningTest$TestNormal" time="0.048"/>
  <testcase name="Test normal: /root/czt-code/parser/parser-zeves/target/test-classes/tests/zeves/proofGoalPP.zed8" classname="net.sourceforge.czt.parser.zeves.ScanningTest$TestNormal" time="0.011"/>
  <testcase name="Test normal: /root/czt-code/parser/parser-zeves/target/test-classes/tests/zeves/refRulesEquiv.tex" classname="net.sourceforge.czt.parser.zeves.ScanningTest$TestNormal" time="0.047"/>
  <testcase name="Test normal: /root/czt-code/parser/parser-zeves/target/test-classes/tests/zeves/refRulesEquiv.zed8" classname="net.sourceforge.czt.parser.zeves.ScanningTest$TestNormal" time="0.011"/>
  <testcase name="Test normal: /root/czt-code/parser/parser-zeves/target/test-classes/tests/zeves/simple.tex" classname="net.sourceforge.czt.parser.zeves.ScanningTest$TestNormal" time="0.047"/>
  <testcase name="Test normal: /root/czt-code/parser/parser-zeves/target/test-classes/tests/zeves/simple.zed8" classname="net.sourceforge.czt.parser.zeves.ScanningTest$TestNormal" time="0.011"/>
  <testcase name="Test normal: /root/czt-code/parser/parser-zeves/target/test-classes/tests/zeves/smalltest.tex" classname="net.sourceforge.czt.parser.zeves.ScanningTest$TestNormal" time="0.047"/>
  <testcase name="Test normal: /root/czt-code/parser/parser-zeves/target/test-classes/tests/zeves/sorryTest.tex" classname="net.sourceforge.czt.parser.zeves.ScanningTest$TestNormal" time="0.044"/>
  <testcase name="Test normal: /root/czt-code/parser/parser-zeves/target/test-classes/tests/zeves/toolkitThms.tex" classname="net.sourceforge.czt.parser.zeves.ScanningTest$TestNormal" time="0.048"/>
  <testcase name="Test normal: /root/czt-code/parser/parser-zeves/target/test-classes/tests/zeves/underscoreNamedThm.tex" classname="net.sourceforge.czt.parser.zeves.ScanningTest$TestNormal" time="0.007"/>
  <testcase name="Test normal: /root/czt-code/parser/parser-zeves/target/test-classes/tests/zeves/variedAndPredInSchemaAndAxDef.tex" classname="net.sourceforge.czt.parser.zeves.ScanningTest$TestNormal" time="0.007"/>
  <testcase name="Test normal: /root/czt-code/parser/parser-zeves/target/test-classes/tests/zeves/zevesability.tex" classname="net.sourceforge.czt.parser.zeves.ScanningTest$TestNormal" time="0.045"/>
  <testcase name="Test normal: /root/czt-code/parser/parser-zeves/target/test-classes/tests/zeves/zeveslabels.tex" classname="net.sourceforge.czt.parser.zeves.ScanningTest$TestNormal" time="0.049"/>
  <testcase name="Test normal: /root/czt-code/parser/parser-zeves/target/test-classes/tests/zeves/zeveslabels.zed8" classname="net.sourceforge.czt.parser.zeves.ScanningTest$TestNormal" time="0.006"/>
  <testcase name="Test normal: /root/czt-code/parser/parser-zeves/target/test-classes/tests/zeves/zevesopt.tex" classname="net.sourceforge.czt.parser.zeves.ScanningTest$TestNormal" time="0.047"/>
  <testcase name="Test normal: /root/czt-code/parser/parser-zeves/target/test-classes/tests/zeves/zevesrenaming.tex" classname="net.sourceforge.czt.parser.zeves.ScanningTest$TestNormal" time="0.059"/>
  <testcase name="Test normal: /root/czt-code/parser/parser-zeves/target/test-classes/tests/zeves/zopt.tex" classname="net.sourceforge.czt.parser.zeves.ScanningTest$TestNormal" time="0.041"/>
  <testcase name="Test normal: /root/czt-code/parser/parser-zeves/target/test-classes/tests/zeves/zstateref.tex" classname="net.sourceforge.czt.parser.zeves.ScanningTest$TestNormal" time="0.052"/>
  <testcase name="Test normal: /root/czt-code/parser/parser-zeves/target/test-classes/tests/zeves/zstateref.zed8" classname="net.sourceforge.czt.parser.zeves.ScanningTest$TestNormal" time="0.012"/>
  <testcase name="Test normal: /root/czt-code/parser/parser-zeves/target/test-classes/tests/zeves/TID-proofs.tex.zed8" classname="net.sourceforge.czt.parser.zeves.ScanningTest$TestNormal" time="0.099"/>
  <testcase name="Test normal: /root/czt-code/parser/parser-zeves/target/test-classes/tests/zeves/appTo.tex.zed8" classname="net.sourceforge.czt.parser.zeves.ScanningTest$TestNormal" time="0.002"/>
  <testcase name="Test normal: /root/czt-code/parser/parser-zeves/target/test-classes/tests/zeves/appTo.zed8.tex" classname="net.sourceforge.czt.parser.zeves.ScanningTest$TestNormal" time="0.062"/>
  <testcase name="Test normal: /root/czt-code/parser/parser-zeves/target/test-classes/tests/zeves/atm_bags.tex.zed8" classname="net.sourceforge.czt.parser.zeves.ScanningTest$TestNormal" time="0"/>
  <testcase name="Test normal: /root/czt-code/parser/parser-zeves/target/test-classes/tests/zeves/bar.tex.zed8" classname="net.sourceforge.czt.parser.zeves.ScanningTest$TestNormal" time="0"/>
  <testcase name="Test normal: /root/czt-code/parser/parser-zeves/target/test-classes/tests/zeves/bbook.tex.zed8" classname="net.sourceforge.czt.parser.zeves.ScanningTest$TestNormal" time="0"/>
  <testcase name="Test normal: /root/czt-code/parser/parser-zeves/target/test-classes/tests/zeves/bbook.zed8.tex" classname="net.sourceforge.czt.parser.zeves.ScanningTest$TestNormal" time="0.062"/>
  <testcase name="Test normal: /root/czt-code/parser/parser-zeves/target/test-classes/tests/zeves/bbook.zev.zed8" classname="net.sourceforge.czt.parser.zeves.ScanningTest$TestNormal" time="0"/>
  <testcase name="Test normal: /root/czt-code/parser/parser-zeves/target/test-classes/tests/zeves/bindExpr.tex.zed8" classname="net.sourceforge.czt.parser.zeves.ScanningTest$TestNormal" time="0.006"/>
  <testcase name="Test normal: /root/czt-code/parser/parser-zeves/target/test-classes/tests/zeves/bindExpr.zed8.tex" classname="net.sourceforge.czt.parser.zeves.ScanningTest$TestNormal" time="0.043"/>
  <testcase name="Test normal: /root/czt-code/parser/parser-zeves/target/test-classes/tests/zeves/chain.tex.zed8" classname="net.sourceforge.czt.parser.zeves.ScanningTest$TestNormal" time="0.044"/>
  <testcase name="Test normal: /root/czt-code/parser/parser-zeves/target/test-classes/tests/zeves/dollarNamedThm.tex.zed8" classname="net.sourceforge.czt.parser.zeves.ScanningTest$TestNormal" time="0.003"/>
  <testcase name="Test normal: /root/czt-code/parser/parser-zeves/target/test-classes/tests/zeves/dollarNamedThm.zed8.tex" classname="net.sourceforge.czt.parser.zeves.ScanningTest$TestNormal" time="0.064"/>
  <testcase name="Test normal: /root/czt-code/parser/parser-zeves/target/test-classes/tests/zeves/foo.tex.zed8" classname="net.sourceforge.czt.parser.zeves.ScanningTest$TestNormal" time="0"/>
  <testcase name="Test normal: /root/czt-code/parser/parser-zeves/target/test-classes/tests/zeves/freertos.tex.zed8" classname="net.sourceforge.czt.parser.zeves.ScanningTest$TestNormal" time="0"/>
  <testcase name="Test normal: /root/czt-code/parser/parser-zeves/target/test-classes/tests/zeves/genericSchemas.tex.zed8" classname="net.sourceforge.czt.parser.zeves.ScanningTest$TestNormal" time="0.012"/>
  <testcase name="Test normal: /root/czt-code/parser/parser-zeves/target/test-classes/tests/zeves/genericSchemas.zed8.tex" classname="net.sourceforge.czt.parser.zeves.ScanningTest$TestNormal" time="0.034"/>
  <testcase name="Test normal: /root/czt-code/parser/parser-zeves/target/test-classes/tests/zeves/genericSchemas.zml.tex" classname="net.sourceforge.czt.parser.zeves.ScanningTest$TestNormal" time="0.059"/>
  <testcase name="Test normal: /root/czt-code/parser/parser-zeves/target/test-classes/tests/zeves/genericSchemas.zml.zed8" classname="net.sourceforge.czt.parser.zeves.ScanningTest$TestNormal" time="0"/>
  <testcase name="Test normal: /root/czt-code/parser/parser-zeves/target/test-classes/tests/zeves/instantiateTest.tex.zed8" classname="net.sourceforge.czt.parser.zeves.ScanningTest$TestNormal" time="0"/>
  <testcase name="Test normal: /root/czt-code/parser/parser-zeves/target/test-classes/tests/zeves/keywordProblems.tex.zed8" classname="net.sourceforge.czt.parser.zeves.ScanningTest$TestNormal" time="0"/>
  <testcase name="Test normal: /root/czt-code/parser/parser-zeves/target/test-classes/tests/zeves/missingHardSpace.tex.zed8" classname="net.sourceforge.czt.parser.zeves.ScanningTest$TestNormal" time="0"/>
  <testcase name="Test normal: /root/czt-code/parser/parser-zeves/target/test-classes/tests/zeves/opnames.tex.zed8" classname="net.sourceforge.czt.parser.zeves.ScanningTest$TestNormal" time="0"/>
  <testcase name="Test normal: /root/czt-code/parser/parser-zeves/target/test-classes/tests/zeves/proofCmds.tex.zed8" classname="net.sourceforge.czt.parser.zeves.ScanningTest$TestNormal" time="0.012"/>
  <testcase name="Test normal: /root/czt-code/parser/parser-zeves/target/test-classes/tests/zeves/proofGoal.tex.zed8" classname="net.sourceforge.czt.parser.zeves.ScanningTest$TestNormal" time="0"/>
  <testcase name="Test normal: /root/czt-code/parser/parser-zeves/target/test-classes/tests/zeves/proofGoal.zed8.tex" classname="net.sourceforge.czt.parser.zeves.ScanningTest$TestNormal" time="0.051"/>
  <testcase name="Test normal: /root/czt-code/parser/parser-zeves/target/test-classes/tests/zeves/proofGoalPP.tex.zed8" classname="net.sourceforge.czt.parser.zeves.ScanningTest$TestNormal" time="0"/>
  <testcase name="Test normal: /root/czt-code/parser/parser-zeves/target/test-classes/tests/zeves/proofGoalPP.zed8.tex" classname="net.sourceforge.czt.parser.zeves.ScanningTest$TestNormal" time="0.053"/>
  <testcase name="Test normal: /root/czt-code/parser/parser-zeves/target/test-classes/tests/zeves/refRulesEquiv.tex.zed8" classname="net.sourceforge.czt.parser.zeves.ScanningTest$TestNormal" time="0"/>
  <testcase name="Test normal: /root/czt-code/parser/parser-zeves/target/test-classes/tests/zeves/refRulesEquiv.zed8.tex" classname="net.sourceforge.czt.parser.zeves.ScanningTest$TestNormal" time="0.058"/>
  <testcase name="Test normal: /root/czt-code/parser/parser-zeves/target/test-classes/tests/zeves/refRulesEquiv.zml.tex" classname="net.sourceforge.czt.parser.zeves.ScanningTest$TestNormal" time="0.045"/>
  <testcase name="Test normal: /root/czt-code/parser/parser-zeves/target/test-classes/tests/zeves/refRulesEquiv.zml.zed8" classname="net.sourceforge.czt.parser.zeves.ScanningTest$TestNormal" time="0.003"/>
  <testcase name="Test normal: /root/czt-code/parser/parser-zeves/target/test-classes/tests/zeves/simple.tex.zed8" classname="net.sourceforge.czt.parser.zeves.ScanningTest$TestNormal" time="0.009"/>
  <testcase name="Test normal: /root/czt-code/parser/parser-zeves/target/test-classes/tests/zeves/simple.zed8.tex" classname="net.sourceforge.czt.parser.zeves.ScanningTest$TestNormal" time="0.046"/>
  <testcase name="Test normal: /root/czt-code/parser/parser-zeves/target/test-classes/tests/zeves/smalltest.tex.zed8" classname="net.sourceforge.czt.parser.zeves.ScanningTest$TestNormal" time="0.003"/>
  <testcase name="Test normal: /root/czt-code/parser/parser-zeves/target/test-classes/tests/zeves/sorryTest.tex.zed8" classname="net.sourceforge.czt.parser.zeves.ScanningTest$TestNormal" time="0.007"/>
  <testcase name="Test normal: /root/czt-code/parser/parser-zeves/target/test-classes/tests/zeves/toolkitThms.tex.zed8" classname="net.sourceforge.czt.parser.zeves.ScanningTest$TestNormal" time="0"/>
  <testcase name="Test normal: /root/czt-code/parser/parser-zeves/target/test-classes/tests/zeves/underscoreNamedThm.tex.zed8" classname="net.sourceforge.czt.parser.zeves.ScanningTest$TestNormal" time="0.003"/>
  <testcase name="Test normal: /root/czt-code/parser/parser-zeves/target/test-classes/tests/zeves/variedAndPredInSchemaAndAxDef.tex.zed8" classname="net.sourceforge.czt.parser.zeves.ScanningTest$TestNormal" time="0.002"/>
  <testcase name="Test normal: /root/czt-code/parser/parser-zeves/target/test-classes/tests/zeves/zevesability.tex.zed8" classname="net.sourceforge.czt.parser.zeves.ScanningTest$TestNormal" time="0.01"/>
  <testcase name="Test normal: /root/czt-code/parser/parser-zeves/target/test-classes/tests/zeves/zeveslabels.tex.zed8" classname="net.sourceforge.czt.parser.zeves.ScanningTest$TestNormal" time="0"/>
  <testcase name="Test normal: /root/czt-code/parser/parser-zeves/target/test-classes/tests/zeves/zeveslabels.zed8.tex" classname="net.sourceforge.czt.parser.zeves.ScanningTest$TestNormal" time="0.063"/>
  <testcase name="Test normal: /root/czt-code/parser/parser-zeves/target/test-classes/tests/zeves/zevesopt.tex.zed8" classname="net.sourceforge.czt.parser.zeves.ScanningTest$TestNormal" time="0"/>
  <testcase name="Test normal: /root/czt-code/parser/parser-zeves/target/test-classes/tests/zeves/zevesrenaming.tex.zed8" classname="net.sourceforge.czt.parser.zeves.ScanningTest$TestNormal" time="0"/>
  <testcase name="Test normal: /root/czt-code/parser/parser-zeves/target/test-classes/tests/zeves/zopt.tex.zed8" classname="net.sourceforge.czt.parser.zeves.ScanningTest$TestNormal" time="0"/>
  <testcase name="Test normal: /root/czt-code/parser/parser-zeves/target/test-classes/tests/zeves/zstateref.tex.zed8" classname="net.sourceforge.czt.parser.zeves.ScanningTest$TestNormal" time="0"/>
  <testcase name="Test normal: /root/czt-code/parser/parser-zeves/target/test-classes/tests/zeves/zstateref.zed8.tex" classname="net.sourceforge.czt.parser.zeves.ScanningTest$TestNormal" time="0.049"/>
  <testcase name="Test normal: /root/czt-code/parser/parser-zeves/target/test-classes/tests/zeves/zstateref.zml.tex" classname="net.sourceforge.czt.parser.zeves.ScanningTest$TestNormal" time="0.046"/>
  <testcase name="Test normal: /root/czt-code/parser/parser-zeves/target/test-classes/tests/zeves/zstateref.zml.zed8" classname="net.sourceforge.czt.parser.zeves.ScanningTest$TestNormal" time="0.011"/>
</testsuite>