<?xml version="1.0" encoding="UTF-8"?>
<testsuite name="net.sourceforge.czt.parser.zeves.ProofScriptParsingTest" time="23.006" tests="46" errors="0" skipped="0" failures="0">
  <properties>
[...]
</properties>
  <testcase name="Test normal: file:/root/czt-code/parser/parser-zeves/target/test-classes/tests/zeves/TID-proofs.tex" classname="net.sourceforge.czt.parser.util.CztManagedTest$TestNormal" time="9.135"/>
  <testcase name="Test normal: file:/root/czt-code/parser/parser-zeves/target/test-classes/tests/zeves/appTo.tex" classname="net.sourceforge.czt.parser.util.CztManagedTest$TestNormal" time="0.282"/>
  <testcase name="Test normal: file:/root/czt-code/parser/parser-zeves/target/test-classes/tests/zeves/appTo.zed8" classname="net.sourceforge.czt.parser.util.CztManagedTest$TestNormal" time="0.353"/>
  <testcase name="Test normal: file:/root/czt-code/parser/parser-zeves/target/test-classes/tests/zeves/atm_bags.tex" classname="net.sourceforge.czt.parser.util.CztManagedTest$TestNormal" time="0.392"/>
  <testcase name="Test normal: file:/root/czt-code/parser/parser-zeves/target/test-classes/tests/zeves/bar.tex" classname="net.sourceforge.czt.parser.util.CztManagedTest$TestNormal" time="0.031"/>
  <testcase name="Test normal: file:/root/czt-code/parser/parser-zeves/target/test-classes/tests/zeves/bbook.tex" classname="net.sourceforge.czt.parser.util.CztManagedTest$TestNormal" time="0.369"/>
  <testcase name="Test normal: file:/root/czt-code/parser/parser-zeves/target/test-classes/tests/zeves/bbook.zed8" classname="net.sourceforge.czt.parser.util.CztManagedTest$TestNormal" time="0.376"/>
  <testcase name="Test normal: file:/root/czt-code/parser/parser-zeves/target/test-classes/tests/zeves/bbook.zev" classname="net.sourceforge.czt.parser.util.CztManagedTest$TestNormal" time="0.357"/>
  <testcase name="Test normal: file:/root/czt-code/parser/parser-zeves/target/test-classes/tests/zeves/bindExpr.tex" classname="net.sourceforge.czt.parser.util.CztManagedTest$TestNormal" time="0.205"/>
  <testcase name="Test normal: file:/root/czt-code/parser/parser-zeves/target/test-classes/tests/zeves/bindExpr.zed8" classname="net.sourceforge.czt.parser.util.CztManagedTest$TestNormal" time="0.247"/>
  <testcase name="Test normal: file:/root/czt-code/parser/parser-zeves/target/test-classes/tests/zeves/chain.tex" classname="net.sourceforge.czt.parser.util.CztManagedTest$TestNormal" time="3.222"/>
  <testcase name="Test normal: file:/root/czt-code/parser/parser-zeves/target/test-classes/tests/zeves/dollarNamedThm.tex" classname="net.sourceforge.czt.parser.util.CztManagedTest$TestNormal" time="0.24"/>
  <testcase name="Test normal: file:/root/czt-code/parser/parser-zeves/target/test-classes/tests/zeves/dollarNamedThm.zed8" classname="net.sourceforge.czt.parser.util.CztManagedTest$TestNormal" time="0.247"/>
  <testcase name="Test normal: file:/root/czt-code/parser/parser-zeves/target/test-classes/tests/zeves/foo.tex" classname="net.sourceforge.czt.parser.util.CztManagedTest$TestNormal" time="0.011"/>
  <testcase name="Test normal: file:/root/czt-code/parser/parser-zeves/target/test-classes/tests/zeves/freertos.tex" classname="net.sourceforge.czt.parser.util.CztManagedTest$TestNormal" time="0.744"/>
  <testcase name="Test normal: file:/root/czt-code/parser/parser-zeves/target/test-classes/tests/zeves/genericSchemas.tex" classname="net.sourceforge.czt.parser.util.CztManagedTest$TestNormal" time="0.185"/>
  <testcase name="Test normal: file:/root/czt-code/parser/parser-zeves/target/test-classes/tests/zeves/genericSchemas.zed8" classname="net.sourceforge.czt.parser.util.CztManagedTest$TestNormal" time="0.189"/>
  <testcase name="Test normal: file:/root/czt-code/parser/parser-zeves/target/test-classes/tests/zeves/genericSchemas.zml" classname="net.sourceforge.czt.parser.util.CztManagedTest$TestNormal" time="0.181"/>
  <testcase name="Test normal: file:/root/czt-code/parser/parser-zeves/target/test-classes/tests/zeves/instantiateTest.tex" classname="net.sourceforge.czt.parser.util.CztManagedTest$TestNormal" time="0.224"/>
  <testcase name="Test normal: file:/root/czt-code/parser/parser-zeves/target/test-classes/tests/zeves/keywordProblems.tex" classname="net.sourceforge.czt.parser.util.CztManagedTest$TestNormal" time="0.18"/>
  <testcase name="Test normal: file:/root/czt-code/parser/parser-zeves/target/test-classes/tests/zeves/missingHardSpace.tex" classname="net.sourceforge.czt.parser.util.CztManagedTest$TestNormal" time="0.139"/>
  <testcase name="Test normal: file:/root/czt-code/parser/parser-zeves/target/test-classes/tests/zeves/opnames.tex" classname="net.sourceforge.czt.parser.util.CztManagedTest$TestNormal" time="0.164"/>
  <testcase name="Test normal: file:/root/czt-code/parser/parser-zeves/target/test-classes/tests/zeves/proofCmds.tex" classname="net.sourceforge.czt.parser.util.CztManagedTest$TestNormal" time="0.233"/>
  <testcase name="Test normal: file:/root/czt-code/parser/parser-zeves/target/test-classes/tests/zeves/proofGoal.tex" classname="net.sourceforge.czt.parser.util.CztManagedTest$TestNormal" time="0.271"/>
  <testcase name="Test normal: file:/root/czt-code/parser/parser-zeves/target/test-classes/tests/zeves/proofGoal.zed8" classname="net.sourceforge.czt.parser.util.CztManagedTest$TestNormal" time="0.264"/>
  <testcase name="Test normal: file:/root/czt-code/parser/parser-zeves/target/test-classes/tests/zeves/proofGoalPP.tex" classname="net.sourceforge.czt.parser.util.CztManagedTest$TestNormal" time="0.256"/>
  <testcase name="Test normal: file:/root/czt-code/parser/parser-zeves/target/test-classes/tests/zeves/proofGoalPP.zed8" classname="net.sourceforge.czt.parser.util.CztManagedTest$TestNormal" time="0.29"/>
  <testcase name="Test normal: file:/root/czt-code/parser/parser-zeves/target/test-classes/tests/zeves/refRulesEquiv.tex" classname="net.sourceforge.czt.parser.util.CztManagedTest$TestNormal" time="0.336"/>
  <testcase name="Test normal: file:/root/czt-code/parser/parser-zeves/target/test-classes/tests/zeves/refRulesEquiv.zed8" classname="net.sourceforge.czt.parser.util.CztManagedTest$TestNormal" time="0.348"/>
  <testcase name="Test normal: file:/root/czt-code/parser/parser-zeves/target/test-classes/tests/zeves/refRulesEquiv.zml" classname="net.sourceforge.czt.parser.util.CztManagedTest$TestNormal" time="0.356"/>
  <testcase name="Test normal: file:/root/czt-code/parser/parser-zeves/target/test-classes/tests/zeves/simple.tex" classname="net.sourceforge.czt.parser.util.CztManagedTest$TestNormal" time="0.235"/>
  <testcase name="Test normal: file:/root/czt-code/parser/parser-zeves/target/test-classes/tests/zeves/simple.zed8" classname="net.sourceforge.czt.parser.util.CztManagedTest$TestNormal" time="0.258"/>
  <testcase name="Test normal: file:/root/czt-code/parser/parser-zeves/target/test-classes/tests/zeves/smalltest.tex" classname="net.sourceforge.czt.parser.util.CztManagedTest$TestNormal" time="0.19"/>
  <testcase name="Test normal: file:/root/czt-code/parser/parser-zeves/target/test-classes/tests/zeves/sorryTest.tex" classname="net.sourceforge.czt.parser.util.CztManagedTest$TestNormal" time="0.149"/>
  <testcase name="Test normal: file:/root/czt-code/parser/parser-zeves/target/test-classes/tests/zeves/toolkitThms.tex" classname="net.sourceforge.czt.parser.util.CztManagedTest$TestNormal" time="0.17"/>
  <testcase name="Test normal: file:/root/czt-code/parser/parser-zeves/target/test-classes/tests/zeves/underscoreNamedThm.tex" classname="net.sourceforge.czt.parser.util.CztManagedTest$TestNormal" time="0.024"/>
  <testcase name="Test normal: file:/root/czt-code/parser/parser-zeves/target/test-classes/tests/zeves/variedAndPredInSchemaAndAxDef.tex" classname="net.sourceforge.czt.parser.util.CztManagedTest$TestNormal" time="0.041"/>
  <testcase name="Test normal: file:/root/czt-code/parser/parser-zeves/target/test-classes/tests/zeves/zevesability.tex" classname="net.sourceforge.czt.parser.util.CztManagedTest$TestNormal" time="0.176"/>
  <testcase name="Test normal: file:/root/czt-code/parser/parser-zeves/target/test-classes/tests/zeves/zeveslabels.tex" classname="net.sourceforge.czt.parser.util.CztManagedTest$TestNormal" time="0.181"/>
  <testcase name="Test normal: file:/root/czt-code/parser/parser-zeves/target/test-classes/tests/zeves/zeveslabels.zed8" classname="net.sourceforge.czt.parser.util.CztManagedTest$TestNormal" time="0.211"/>
  <testcase name="Test normal: file:/root/czt-code/parser/parser-zeves/target/test-classes/tests/zeves/zevesopt.tex" classname="net.sourceforge.czt.parser.util.CztManagedTest$TestNormal" time="0.217"/>
  <testcase name="Test normal: file:/root/czt-code/parser/parser-zeves/target/test-classes/tests/zeves/zevesrenaming.tex" classname="net.sourceforge.czt.parser.util.CztManagedTest$TestNormal" time="0.16"/>
  <testcase name="Test normal: file:/root/czt-code/parser/parser-zeves/target/test-classes/tests/zeves/zopt.tex" classname="net.sourceforge.czt.parser.util.CztManagedTest$TestNormal" time="0.167"/>
  <testcase name="Test normal: file:/root/czt-code/parser/parser-zeves/target/test-classes/tests/zeves/zstateref.tex" classname="net.sourceforge.czt.parser.util.CztManagedTest$TestNormal" time="0.317"/>
  <testcase name="Test normal: file:/root/czt-code/parser/parser-zeves/target/test-classes/tests/zeves/zstateref.zed8" classname="net.sourceforge.czt.parser.util.CztManagedTest$TestNormal" time="0.347"/>
  <testcase name="Test normal: file:/root/czt-code/parser/parser-zeves/target/test-classes/tests/zeves/zstateref.zml" classname="net.sourceforge.czt.parser.util.CztManagedTest$TestNormal" time="0.336"/>
</testsuite>