<?xml version="1.0" encoding="UTF-8"?>
<testsuite name="net.sourceforge.czt.typecheck.oz.TypeCheckerTest" time="2.419" tests="337" errors="0" skipped="0" failures="0">
  <properties>
[...]
</properties>
  <testcase name="Test normal: file:/root/czt-code/typechecker/typechecker-oz/target/test-classes/oz/AssoParallelOpExpr.tex" classname="net.sourceforge.czt.typecheck.z.TypeCheckerTest$TestNormal" time="0.396"/>
  <testcase name="Test normal: file:/root/czt-code/typechecker/typechecker-oz/target/test-classes/oz/AssoParallelOpExpr.tex" classname="net.sourceforge.czt.typecheck.z.TypeCheckerTest$TestNormal" time="0.022"/>
  <testcase name="Test normal: file:/root/czt-code/typechecker/typechecker-oz/target/test-classes/oz/AssoParallelOpExpr.tex" classname="net.sourceforge.czt.typecheck.z.TypeCheckerTest$TestNormal" time="0.013"/>
  <testcase name="Test normal: file:/root/czt-code/typechecker/typechecker-oz/target/test-classes/oz/ClassUnionExpr.tex" classname="net.sourceforge.czt.typecheck.z.TypeCheckerTest$TestNormal" time="0.054"/>
  <testcase name="Test normal: file:/root/czt-code/typechecker/typechecker-oz/target/test-classes/oz/ClassUnionExpr.tex" classname="net.sourceforge.czt.typecheck.z.TypeCheckerTest$TestNormal" time="0.025"/>
  <testcase name="Test normal: file:/root/czt-code/typechecker/typechecker-oz/target/test-classes/oz/ClassUnionExpr.tex" classname="net.sourceforge.czt.typecheck.z.TypeCheckerTest$TestNormal" time="0.018"/>
  <testcase name="Test normal: file:/root/czt-code/typechecker/typechecker-oz/target/test-classes/oz/ContainmentExpr.tex" classname="net.sourceforge.czt.typecheck.z.TypeCheckerTest$TestNormal" time="0.051"/>
  <testcase name="Test normal: file:/root/czt-code/typechecker/typechecker-oz/target/test-classes/oz/ContainmentExpr.tex" classname="net.sourceforge.czt.typecheck.z.TypeCheckerTest$TestNormal" time="0.023"/>
  <testcase name="Test normal: file:/root/czt-code/typechecker/typechecker-oz/target/test-classes/oz/ContainmentExpr.tex" classname="net.sourceforge.czt.typecheck.z.TypeCheckerTest$TestNormal" time="0.011"/>
  <testcase name="Test normal: file:/root/czt-code/typechecker/typechecker-oz/target/test-classes/oz/DeltaList.tex" classname="net.sourceforge.czt.typecheck.z.TypeCheckerTest$TestNormal" time="0.043"/>
  <testcase name="Test normal: file:/root/czt-code/typechecker/typechecker-oz/target/test-classes/oz/DeltaList.tex" classname="net.sourceforge.czt.typecheck.z.TypeCheckerTest$TestNormal" time="0.014"/>
  <testcase name="Test normal: file:/root/czt-code/typechecker/typechecker-oz/target/test-classes/oz/DeltaList.tex" classname="net.sourceforge.czt.typecheck.z.TypeCheckerTest$TestNormal" time="0.01"/>
  <testcase name="Test normal: file:/root/czt-code/typechecker/typechecker-oz/target/test-classes/oz/DistOpExpr.tex" classname="net.sourceforge.czt.typecheck.z.TypeCheckerTest$TestNormal" time="0.042"/>
  <testcase name="Test normal: file:/root/czt-code/typechecker/typechecker-oz/target/test-classes/oz/DistOpExpr.tex" classname="net.sourceforge.czt.typecheck.z.TypeCheckerTest$TestNormal" time="0.013"/>
  <testcase name="Test normal: file:/root/czt-code/typechecker/typechecker-oz/target/test-classes/oz/DistOpExpr.tex" classname="net.sourceforge.czt.typecheck.z.TypeCheckerTest$TestNormal" time="0.028"/>
  <testcase name="Test normal: file:/root/czt-code/typechecker/typechecker-oz/target/test-classes/oz/Downcasting.tex" classname="net.sourceforge.czt.typecheck.z.TypeCheckerTest$TestNormal" time="0.053"/>
  <testcase name="Test normal: file:/root/czt-code/typechecker/typechecker-oz/target/test-classes/oz/Downcasting.tex" classname="net.sourceforge.czt.typecheck.z.TypeCheckerTest$TestNormal" time="0.032"/>
  <testcase name="Test normal: file:/root/czt-code/typechecker/typechecker-oz/target/test-classes/oz/Downcasting.tex" classname="net.sourceforge.czt.typecheck.z.TypeCheckerTest$TestNormal" time="0.031"/>
  <testcase name="Test error - DuplicateNameInDistOpExpr: file:/root/czt-code/typechecker/typechecker-oz/target/test-classes/oz/DuplicateNameInDistOpExpr-DistConjOpExpr.error" classname="net.sourceforge.czt.typecheck.z.TypeCheckerTest$TestError" time="0.029"/>
  <testcase name="Test error - DuplicateNameInDistOpExpr: file:/root/czt-code/typechecker/typechecker-oz/target/test-classes/oz/DuplicateNameInDistOpExpr-DistConjOpExpr.error" classname="net.sourceforge.czt.typecheck.z.TypeCheckerTest$TestError" time="0.011"/>
  <testcase name="Test error - DuplicateNameInDistOpExpr: file:/root/czt-code/typechecker/typechecker-oz/target/test-classes/oz/DuplicateNameInDistOpExpr-DistConjOpExpr.error" classname="net.sourceforge.czt.typecheck.z.TypeCheckerTest$TestError" time="0.012"/>
  <testcase name="Test error - DuplicateNameInDistOpExpr: file:/root/czt-code/typechecker/typechecker-oz/target/test-classes/oz/DuplicateNameInDistOpExpr-DistExChoiceOpExpr.error" classname="net.sourceforge.czt.typecheck.z.TypeCheckerTest$TestError" time="0.013"/>
  <testcase name="Test error - DuplicateNameInDistOpExpr: file:/root/czt-code/typechecker/typechecker-oz/target/test-classes/oz/DuplicateNameInDistOpExpr-DistExChoiceOpExpr.error" classname="net.sourceforge.czt.typecheck.z.TypeCheckerTest$TestError" time="0.012"/>
  <testcase name="Test error - DuplicateNameInDistOpExpr: file:/root/czt-code/typechecker/typechecker-oz/target/test-classes/oz/DuplicateNameInDistOpExpr-DistExChoiceOpExpr.error" classname="net.sourceforge.czt.typecheck.z.TypeCheckerTest$TestError" time="0.006"/>
  <testcase name="Test error - DuplicateNameInDistOpExpr: file:/root/czt-code/typechecker/typechecker-oz/target/test-classes/oz/DuplicateNameInDistOpExpr-DistSeqOpExpr.error" classname="net.sourceforge.czt.typecheck.z.TypeCheckerTest$TestError" time="0.028"/>
  <testcase name="Test error - DuplicateNameInDistOpExpr: file:/root/czt-code/typechecker/typechecker-oz/target/test-classes/oz/DuplicateNameInDistOpExpr-DistSeqOpExpr.error" classname="net.sourceforge.czt.typecheck.z.TypeCheckerTest$TestError" time="0.012"/>
  <testcase name="Test error - DuplicateNameInDistOpExpr: file:/root/czt-code/typechecker/typechecker-oz/target/test-classes/oz/DuplicateNameInDistOpExpr-DistSeqOpExpr.error" classname="net.sourceforge.czt.typecheck.z.TypeCheckerTest$TestError" time="0.011"/>
  <testcase name="Test error - DuplicateNameInRenameOpExpr: file:/root/czt-code/typechecker/typechecker-oz/target/test-classes/oz/DuplicateNameInRenameOpExpr-RenameOpExpr.error" classname="net.sourceforge.czt.typecheck.z.TypeCheckerTest$TestError" time="0.014"/>
  <testcase name="Test error - DuplicateNameInRenameOpExpr: file:/root/czt-code/typechecker/typechecker-oz/target/test-classes/oz/DuplicateNameInRenameOpExpr-RenameOpExpr.error" classname="net.sourceforge.czt.typecheck.z.TypeCheckerTest$TestError" time="0.012"/>
  <testcase name="Test error - DuplicateNameInRenameOpExpr: file:/root/czt-code/typechecker/typechecker-oz/target/test-classes/oz/DuplicateNameInRenameOpExpr-RenameOpExpr.error" classname="net.sourceforge.czt.typecheck.z.TypeCheckerTest$TestError" time="0.015"/>
  <testcase name="Test error - DuplicateOutNameInDistOpExpr: file:/root/czt-code/typechecker/typechecker-oz/target/test-classes/oz/DuplicateOutNameInDistOpExpr-DistSeqOpExpr.error" classname="net.sourceforge.czt.typecheck.z.TypeCheckerTest$TestError" time="0.013"/>
  <testcase name="Test error - DuplicateOutNameInDistOpExpr: file:/root/czt-code/typechecker/typechecker-oz/target/test-classes/oz/DuplicateOutNameInDistOpExpr-DistSeqOpExpr.error" classname="net.sourceforge.czt.typecheck.z.TypeCheckerTest$TestError" time="0.012"/>
  <testcase name="Test error - DuplicateOutNameInDistOpExpr: file:/root/czt-code/typechecker/typechecker-oz/target/test-classes/oz/DuplicateOutNameInDistOpExpr-DistSeqOpExpr.error" classname="net.sourceforge.czt.typecheck.z.TypeCheckerTest$TestError" time="0.006"/>
  <testcase name="Test normal: file:/root/czt-code/typechecker/typechecker-oz/target/test-classes/oz/HideOpExpr.tex" classname="net.sourceforge.czt.typecheck.z.TypeCheckerTest$TestNormal" time="0.018"/>
  <testcase name="Test normal: file:/root/czt-code/typechecker/typechecker-oz/target/test-classes/oz/HideOpExpr.tex" classname="net.sourceforge.czt.typecheck.z.TypeCheckerTest$TestNormal" time="0.015"/>
  <testcase name="Test normal: file:/root/czt-code/typechecker/typechecker-oz/target/test-classes/oz/HideOpExpr.tex" classname="net.sourceforge.czt.typecheck.z.TypeCheckerTest$TestNormal" time="0.021"/>
  <testcase name="Test error - IncompatibleClassUnionExpr: file:/root/czt-code/typechecker/typechecker-oz/target/test-classes/oz/IncompatibleClassUnionExpr-ClassUnionExpr.error" classname="net.sourceforge.czt.typecheck.z.TypeCheckerTest$TestError" time="0.026"/>
  <testcase name="Test error - IncompatibleClassUnionExpr: file:/root/czt-code/typechecker/typechecker-oz/target/test-classes/oz/IncompatibleClassUnionExpr-ClassUnionExpr.error" classname="net.sourceforge.czt.typecheck.z.TypeCheckerTest$TestError" time="0.021"/>
  <testcase name="Test error - IncompatibleClassUnionExpr: file:/root/czt-code/typechecker/typechecker-oz/target/test-classes/oz/IncompatibleClassUnionExpr-ClassUnionExpr.error" classname="net.sourceforge.czt.typecheck.z.TypeCheckerTest$TestError" time="0.012"/>
  <testcase name="Test error - IncompatibleFeatureInClassUnionExpr: file:/root/czt-code/typechecker/typechecker-oz/target/test-classes/oz/IncompatibleFeatureInClassUnionExpr-Attr.error" classname="net.sourceforge.czt.typecheck.z.TypeCheckerTest$TestError" time="0.024"/>
  <testcase name="Test error - IncompatibleFeatureInClassUnionExpr: file:/root/czt-code/typechecker/typechecker-oz/target/test-classes/oz/IncompatibleFeatureInClassUnionExpr-Attr.error" classname="net.sourceforge.czt.typecheck.z.TypeCheckerTest$TestError" time="0.012"/>
  <testcase name="Test error - IncompatibleFeatureInClassUnionExpr: file:/root/czt-code/typechecker/typechecker-oz/target/test-classes/oz/IncompatibleFeatureInClassUnionExpr-Attr.error" classname="net.sourceforge.czt.typecheck.z.TypeCheckerTest$TestError" time="0.011"/>
  <testcase name="Test error - IncompatibleFeatureInClassUnionExpr: file:/root/czt-code/typechecker/typechecker-oz/target/test-classes/oz/IncompatibleFeatureInClassUnionExpr-AttrAndState.error" classname="net.sourceforge.czt.typecheck.z.TypeCheckerTest$TestError" time="0.04"/>
  <testcase name="Test error - IncompatibleFeatureInClassUnionExpr: file:/root/czt-code/typechecker/typechecker-oz/target/test-classes/oz/IncompatibleFeatureInClassUnionExpr-AttrAndState.error" classname="net.sourceforge.czt.typecheck.z.TypeCheckerTest$TestError" time="0.008"/>
  <testcase name="Test error - IncompatibleFeatureInClassUnionExpr: file:/root/czt-code/typechecker/typechecker-oz/target/test-classes/oz/IncompatibleFeatureInClassUnionExpr-AttrAndState.error" classname="net.sourceforge.czt.typecheck.z.TypeCheckerTest$TestError" time="0.022"/>
  <testcase name="Test error - IncompatibleFeatureInClassUnionExpr: file:/root/czt-code/typechecker/typechecker-oz/target/test-classes/oz/IncompatibleFeatureInClassUnionExpr-State.error" classname="net.sourceforge.czt.typecheck.z.TypeCheckerTest$TestError" time="0.013"/>
  <testcase name="Test error - IncompatibleFeatureInClassUnionExpr: file:/root/czt-code/typechecker/typechecker-oz/target/test-classes/oz/IncompatibleFeatureInClassUnionExpr-State.error" classname="net.sourceforge.czt.typecheck.z.TypeCheckerTest$TestError" time="0.025"/>
  <testcase name="Test error - IncompatibleFeatureInClassUnionExpr: file:/root/czt-code/typechecker/typechecker-oz/target/test-classes/oz/IncompatibleFeatureInClassUnionExpr-State.error" classname="net.sourceforge.czt.typecheck.z.TypeCheckerTest$TestError" time="0.017"/>
  <testcase name="Test error - IncompatibleInherit: file:/root/czt-code/typechecker/typechecker-oz/target/test-classes/oz/IncompatibleInherit-Attr.error" classname="net.sourceforge.czt.typecheck.z.TypeCheckerTest$TestError" time="0.032"/>
  <testcase name="Test error - IncompatibleInherit: file:/root/czt-code/typechecker/typechecker-oz/target/test-classes/oz/IncompatibleInherit-Attr.error" classname="net.sourceforge.czt.typecheck.z.TypeCheckerTest$TestError" time="0.005"/>
  <testcase name="Test error - IncompatibleInherit: file:/root/czt-code/typechecker/typechecker-oz/target/test-classes/oz/IncompatibleInherit-Attr.error" classname="net.sourceforge.czt.typecheck.z.TypeCheckerTest$TestError" time="0.014"/>
  <testcase name="Test error - IncompatibleInherit: file:/root/czt-code/typechecker/typechecker-oz/target/test-classes/oz/IncompatibleInherit-State.error" classname="net.sourceforge.czt.typecheck.z.TypeCheckerTest$TestError" time="0.013"/>
  <testcase name="Test error - IncompatibleInherit: file:/root/czt-code/typechecker/typechecker-oz/target/test-classes/oz/IncompatibleInherit-State.error" classname="net.sourceforge.czt.typecheck.z.TypeCheckerTest$TestError" time="0.008"/>
  <testcase name="Test error - IncompatibleInherit: file:/root/czt-code/typechecker/typechecker-oz/target/test-classes/oz/IncompatibleInherit-State.error" classname="net.sourceforge.czt.typecheck.z.TypeCheckerTest$TestError" time="0.012"/>
  <testcase name="Test error - IncompatibleOpInClassUnionExpr: file:/root/czt-code/typechecker/typechecker-oz/target/test-classes/oz/IncompatibleOpInClassUnionExpr-Op.error" classname="net.sourceforge.czt.typecheck.z.TypeCheckerTest$TestError" time="0.013"/>
  <testcase name="Test error - IncompatibleOpInClassUnionExpr: file:/root/czt-code/typechecker/typechecker-oz/target/test-classes/oz/IncompatibleOpInClassUnionExpr-Op.error" classname="net.sourceforge.czt.typecheck.z.TypeCheckerTest$TestError" time="0.018"/>
  <testcase name="Test error - IncompatibleOpInClassUnionExpr: file:/root/czt-code/typechecker/typechecker-oz/target/test-classes/oz/IncompatibleOpInClassUnionExpr-Op.error" classname="net.sourceforge.czt.typecheck.z.TypeCheckerTest$TestError" time="0.011"/>
  <testcase name="Test error - IncompatibleOpInPolyExpr: file:/root/czt-code/typechecker/typechecker-oz/target/test-classes/oz/IncompatibleOpInPolyExpr-PolyExpr.error" classname="net.sourceforge.czt.typecheck.z.TypeCheckerTest$TestError" time="0.015"/>
  <testcase name="Test error - IncompatibleOpInPolyExpr: file:/root/czt-code/typechecker/typechecker-oz/target/test-classes/oz/IncompatibleOpInPolyExpr-PolyExpr.error" classname="net.sourceforge.czt.typecheck.z.TypeCheckerTest$TestError" time="0.011"/>
  <testcase name="Test error - IncompatibleOpInPolyExpr: file:/root/czt-code/typechecker/typechecker-oz/target/test-classes/oz/IncompatibleOpInPolyExpr-PolyExpr.error" classname="net.sourceforge.czt.typecheck.z.TypeCheckerTest$TestError" time="0.012"/>
  <testcase name="Test error - IncompatibleOpInherit: file:/root/czt-code/typechecker/typechecker-oz/target/test-classes/oz/IncompatibleOpInherit-Op.error" classname="net.sourceforge.czt.typecheck.z.TypeCheckerTest$TestError" time="0.011"/>
  <testcase name="Test error - IncompatibleOpInherit: file:/root/czt-code/typechecker/typechecker-oz/target/test-classes/oz/IncompatibleOpInherit-Op.error" classname="net.sourceforge.czt.typecheck.z.TypeCheckerTest$TestError" time="0.011"/>
  <testcase name="Test error - IncompatibleOpInherit: file:/root/czt-code/typechecker/typechecker-oz/target/test-classes/oz/IncompatibleOpInherit-Op.error" classname="net.sourceforge.czt.typecheck.z.TypeCheckerTest$TestError" time="0.011"/>
  <testcase name="Test error - IncompatibleOpOverriding: file:/root/czt-code/typechecker/typechecker-oz/target/test-classes/oz/IncompatibleOpOverriding-Op.error" classname="net.sourceforge.czt.typecheck.z.TypeCheckerTest$TestError" time="0.021"/>
  <testcase name="Test error - IncompatibleOpOverriding: file:/root/czt-code/typechecker/typechecker-oz/target/test-classes/oz/IncompatibleOpOverriding-Op.error" classname="net.sourceforge.czt.typecheck.z.TypeCheckerTest$TestError" time="0.007"/>
  <testcase name="Test error - IncompatibleOpOverriding: file:/root/czt-code/typechecker/typechecker-oz/target/test-classes/oz/IncompatibleOpOverriding-Op.error" classname="net.sourceforge.czt.typecheck.z.TypeCheckerTest$TestError" time="0.007"/>
  <testcase name="Test error - IncompatibleOverriding: file:/root/czt-code/typechecker/typechecker-oz/target/test-classes/oz/IncompatibleOverriding-LocalDef.error" classname="net.sourceforge.czt.typecheck.z.TypeCheckerTest$TestError" time="0.022"/>
  <testcase name="Test error - IncompatibleOverriding: file:/root/czt-code/typechecker/typechecker-oz/target/test-classes/oz/IncompatibleOverriding-LocalDef.error" classname="net.sourceforge.czt.typecheck.z.TypeCheckerTest$TestError" time="0.011"/>
  <testcase name="Test error - IncompatibleOverriding: file:/root/czt-code/typechecker/typechecker-oz/target/test-classes/oz/IncompatibleOverriding-LocalDef.error" classname="net.sourceforge.czt.typecheck.z.TypeCheckerTest$TestError" time="0.01"/>
  <testcase name="Test error - IncompatibleOverriding: file:/root/czt-code/typechecker/typechecker-oz/target/test-classes/oz/IncompatibleOverriding-StateDecl.error" classname="net.sourceforge.czt.typecheck.z.TypeCheckerTest$TestError" time="0.022"/>
  <testcase name="Test error - IncompatibleOverriding: file:/root/czt-code/typechecker/typechecker-oz/target/test-classes/oz/IncompatibleOverriding-StateDecl.error" classname="net.sourceforge.czt.typecheck.z.TypeCheckerTest$TestError" time="0.008"/>
  <testcase name="Test error - IncompatibleOverriding: file:/root/czt-code/typechecker/typechecker-oz/target/test-classes/oz/IncompatibleOverriding-StateDecl.error" classname="net.sourceforge.czt.typecheck.z.TypeCheckerTest$TestError" time="0.01"/>
  <testcase name="Test normal: file:/root/czt-code/typechecker/typechecker-oz/target/test-classes/oz/InheritedClass.tex" classname="net.sourceforge.czt.typecheck.z.TypeCheckerTest$TestNormal" time="0.03"/>
  <testcase name="Test normal: file:/root/czt-code/typechecker/typechecker-oz/target/test-classes/oz/InheritedClass.tex" classname="net.sourceforge.czt.typecheck.z.TypeCheckerTest$TestNormal" time="0.012"/>
  <testcase name="Test normal: file:/root/czt-code/typechecker/typechecker-oz/target/test-classes/oz/InheritedClass.tex" classname="net.sourceforge.czt.typecheck.z.TypeCheckerTest$TestNormal" time="0.023"/>
  <testcase name="Test normal: file:/root/czt-code/typechecker/typechecker-oz/target/test-classes/oz/InheritedGenericClass.tex" classname="net.sourceforge.czt.typecheck.z.TypeCheckerTest$TestNormal" time="0.045"/>
  <testcase name="Test normal: file:/root/czt-code/typechecker/typechecker-oz/target/test-classes/oz/InheritedGenericClass.tex" classname="net.sourceforge.czt.typecheck.z.TypeCheckerTest$TestNormal" time="0.02"/>
  <testcase name="Test normal: file:/root/czt-code/typechecker/typechecker-oz/target/test-classes/oz/InheritedGenericClass.tex" classname="net.sourceforge.czt.typecheck.z.TypeCheckerTest$TestNormal" time="0.032"/>
  <testcase name="Test normal: file:/root/czt-code/typechecker/typechecker-oz/target/test-classes/oz/Init.tex" classname="net.sourceforge.czt.typecheck.z.TypeCheckerTest$TestNormal" time="0.016"/>
  <testcase name="Test normal: file:/root/czt-code/typechecker/typechecker-oz/target/test-classes/oz/Init.tex" classname="net.sourceforge.czt.typecheck.z.TypeCheckerTest$TestNormal" time="0.009"/>
  <testcase name="Test normal: file:/root/czt-code/typechecker/typechecker-oz/target/test-classes/oz/Init.tex" classname="net.sourceforge.czt.typecheck.z.TypeCheckerTest$TestNormal" time="0"/>
  <testcase name="Test error - NonClassInClassUnionExpr: file:/root/czt-code/typechecker/typechecker-oz/target/test-classes/oz/NonClassInClassUnionExpr-LeftExpr.error" classname="net.sourceforge.czt.typecheck.z.TypeCheckerTest$TestError" time="0.011"/>
  <testcase name="Test error - NonClassInClassUnionExpr: file:/root/czt-code/typechecker/typechecker-oz/target/test-classes/oz/NonClassInClassUnionExpr-LeftExpr.error" classname="net.sourceforge.czt.typecheck.z.TypeCheckerTest$TestError" time="0.008"/>
  <testcase name="Test error - NonClassInClassUnionExpr: file:/root/czt-code/typechecker/typechecker-oz/target/test-classes/oz/NonClassInClassUnionExpr-LeftExpr.error" classname="net.sourceforge.czt.typecheck.z.TypeCheckerTest$TestError" time="0.014"/>
  <testcase name="Test error - NonClassInClassUnionExpr: file:/root/czt-code/typechecker/typechecker-oz/target/test-classes/oz/NonClassInClassUnionExpr-RightExpr.error" classname="net.sourceforge.czt.typecheck.z.TypeCheckerTest$TestError" time="0.012"/>
  <testcase name="Test error - NonClassInClassUnionExpr: file:/root/czt-code/typechecker/typechecker-oz/target/test-classes/oz/NonClassInClassUnionExpr-RightExpr.error" classname="net.sourceforge.czt.typecheck.z.TypeCheckerTest$TestError" time="0.007"/>
  <testcase name="Test error - NonClassInClassUnionExpr: file:/root/czt-code/typechecker/typechecker-oz/target/test-classes/oz/NonClassInClassUnionExpr-RightExpr.error" classname="net.sourceforge.czt.typecheck.z.TypeCheckerTest$TestError" time="0.007"/>
  <testcase name="Test error - NonClassInContainmentExpr: file:/root/czt-code/typechecker/typechecker-oz/target/test-classes/oz/NonClassInContainmentExpr-ContainmentExpr-1.error" classname="net.sourceforge.czt.typecheck.z.TypeCheckerTest$TestError" time="0.011"/>
  <testcase name="Test error - NonClassInContainmentExpr: file:/root/czt-code/typechecker/typechecker-oz/target/test-classes/oz/NonClassInContainmentExpr-ContainmentExpr-1.error" classname="net.sourceforge.czt.typecheck.z.TypeCheckerTest$TestError" time="0.007"/>
  <testcase name="Test error - NonClassInContainmentExpr: file:/root/czt-code/typechecker/typechecker-oz/target/test-classes/oz/NonClassInContainmentExpr-ContainmentExpr-1.error" classname="net.sourceforge.czt.typecheck.z.TypeCheckerTest$TestError" time="0.011"/>
  <testcase name="Test error - NonClassInOpPromExpr: file:/root/czt-code/typechecker/typechecker-oz/target/test-classes/oz/NonClassInOpPromExpr-OpPromExpr.error" classname="net.sourceforge.czt.typecheck.z.TypeCheckerTest$TestError" time="0.012"/>
  <testcase name="Test error - NonClassInOpPromExpr: file:/root/czt-code/typechecker/typechecker-oz/target/test-classes/oz/NonClassInOpPromExpr-OpPromExpr.error" classname="net.sourceforge.czt.typecheck.z.TypeCheckerTest$TestError" time="0.008"/>
  <testcase name="Test error - NonClassInOpPromExpr: file:/root/czt-code/typechecker/typechecker-oz/target/test-classes/oz/NonClassInOpPromExpr-OpPromExpr.error" classname="net.sourceforge.czt.typecheck.z.TypeCheckerTest$TestError" time="0"/>
  <testcase name="Test error - NonClassInherited: file:/root/czt-code/typechecker/typechecker-oz/target/test-classes/oz/NonClassInherited-InheritedClass-ClassRef-1.error" classname="net.sourceforge.czt.typecheck.z.TypeCheckerTest$TestError" time="0.014"/>
  <testcase name="Test error - NonClassInherited: file:/root/czt-code/typechecker/typechecker-oz/target/test-classes/oz/NonClassInherited-InheritedClass-ClassRef-1.error" classname="net.sourceforge.czt.typecheck.z.TypeCheckerTest$TestError" time="0.014"/>
  <testcase name="Test error - NonClassInherited: file:/root/czt-code/typechecker/typechecker-oz/target/test-classes/oz/NonClassInherited-InheritedClass-ClassRef-1.error" classname="net.sourceforge.czt.typecheck.z.TypeCheckerTest$TestError" time="0.007"/>
  <testcase name="Test error - NonClassInherited: file:/root/czt-code/typechecker/typechecker-oz/target/test-classes/oz/NonClassInherited-InheritedClass-ClassRef-2.error" classname="net.sourceforge.czt.typecheck.z.TypeCheckerTest$TestError" time="0.009"/>
  <testcase name="Test error - NonClassInherited: file:/root/czt-code/typechecker/typechecker-oz/target/test-classes/oz/NonClassInherited-InheritedClass-ClassRef-2.error" classname="net.sourceforge.czt.typecheck.z.TypeCheckerTest$TestError" time="0.007"/>
  <testcase name="Test error - NonClassInherited: file:/root/czt-code/typechecker/typechecker-oz/target/test-classes/oz/NonClassInherited-InheritedClass-ClassRef-2.error" classname="net.sourceforge.czt.typecheck.z.TypeCheckerTest$TestError" time="0.007"/>
  <testcase name="Test error - NonClassInherited: file:/root/czt-code/typechecker/typechecker-oz/target/test-classes/oz/NonClassInherited-InheritedClass-NonClassRef.error" classname="net.sourceforge.czt.typecheck.z.TypeCheckerTest$TestError" time="0.01"/>
  <testcase name="Test error - NonClassInherited: file:/root/czt-code/typechecker/typechecker-oz/target/test-classes/oz/NonClassInherited-InheritedClass-NonClassRef.error" classname="net.sourceforge.czt.typecheck.z.TypeCheckerTest$TestError" time="0.007"/>
  <testcase name="Test error - NonClassInherited: file:/root/czt-code/typechecker/typechecker-oz/target/test-classes/oz/NonClassInherited-InheritedClass-NonClassRef.error" classname="net.sourceforge.czt.typecheck.z.TypeCheckerTest$TestError" time="0.01"/>
  <testcase name="Test error - NonExistentNameInHideExpr: file:/root/czt-code/typechecker/typechecker-oz/target/test-classes/oz/NonExistentNameInHideExpr-HideOpExpr-1.error" classname="net.sourceforge.czt.typecheck.z.TypeCheckerTest$TestError" time="0.012"/>
  <testcase name="Test error - NonExistentNameInHideExpr: file:/root/czt-code/typechecker/typechecker-oz/target/test-classes/oz/NonExistentNameInHideExpr-HideOpExpr-1.error" classname="net.sourceforge.czt.typecheck.z.TypeCheckerTest$TestError" time="0.007"/>
  <testcase name="Test error - NonExistentNameInHideExpr: file:/root/czt-code/typechecker/typechecker-oz/target/test-classes/oz/NonExistentNameInHideExpr-HideOpExpr-1.error" classname="net.sourceforge.czt.typecheck.z.TypeCheckerTest$TestError" time="0.009"/>
  <testcase name="Test error - NonExistentNameInHideExpr: file:/root/czt-code/typechecker/typechecker-oz/target/test-classes/oz/NonExistentNameInHideExpr-HideOpExpr-2.error" classname="net.sourceforge.czt.typecheck.z.TypeCheckerTest$TestError" time="0.011"/>
  <testcase name="Test error - NonExistentNameInHideExpr: file:/root/czt-code/typechecker/typechecker-oz/target/test-classes/oz/NonExistentNameInHideExpr-HideOpExpr-2.error" classname="net.sourceforge.czt.typecheck.z.TypeCheckerTest$TestError" time="0.011"/>
  <testcase name="Test error - NonExistentNameInHideExpr: file:/root/czt-code/typechecker/typechecker-oz/target/test-classes/oz/NonExistentNameInHideExpr-HideOpExpr-2.error" classname="net.sourceforge.czt.typecheck.z.TypeCheckerTest$TestError" time="0.008"/>
  <testcase name="Test error - NonExistentNameInOpPromExpr: file:/root/czt-code/typechecker/typechecker-oz/target/test-classes/oz/NonExistentNameInOpPromExpr-Downcast-1.error" classname="net.sourceforge.czt.typecheck.z.TypeCheckerTest$TestError" time="0.032"/>
  <testcase name="Test error - NonExistentNameInOpPromExpr: file:/root/czt-code/typechecker/typechecker-oz/target/test-classes/oz/NonExistentNameInOpPromExpr-Downcast-1.error" classname="net.sourceforge.czt.typecheck.z.TypeCheckerTest$TestError" time="0.007"/>
  <testcase name="Test error - NonExistentNameInOpPromExpr: file:/root/czt-code/typechecker/typechecker-oz/target/test-classes/oz/NonExistentNameInOpPromExpr-Downcast-1.error" classname="net.sourceforge.czt.typecheck.z.TypeCheckerTest$TestError" time="0.007"/>
  <testcase name="Test error - NonExistentNameInOpPromExpr: file:/root/czt-code/typechecker/typechecker-oz/target/test-classes/oz/NonExistentNameInOpPromExpr-Downcast-2.error" classname="net.sourceforge.czt.typecheck.z.TypeCheckerTest$TestError" time="0.011"/>
  <testcase name="Test error - NonExistentNameInOpPromExpr: file:/root/czt-code/typechecker/typechecker-oz/target/test-classes/oz/NonExistentNameInOpPromExpr-Downcast-2.error" classname="net.sourceforge.czt.typecheck.z.TypeCheckerTest$TestError" time="0.005"/>
  <testcase name="Test error - NonExistentNameInOpPromExpr: file:/root/czt-code/typechecker/typechecker-oz/target/test-classes/oz/NonExistentNameInOpPromExpr-Downcast-2.error" classname="net.sourceforge.czt.typecheck.z.TypeCheckerTest$TestError" time="0.011"/>
  <testcase name="Test error - NonExistentNameInOpPromExpr: file:/root/czt-code/typechecker/typechecker-oz/target/test-classes/oz/NonExistentNameInOpPromExpr-OpPromExpr.error" classname="net.sourceforge.czt.typecheck.z.TypeCheckerTest$TestError" time="0.007"/>
  <testcase name="Test error - NonExistentNameInOpPromExpr: file:/root/czt-code/typechecker/typechecker-oz/target/test-classes/oz/NonExistentNameInOpPromExpr-OpPromExpr.error" classname="net.sourceforge.czt.typecheck.z.TypeCheckerTest$TestError" time="0.008"/>
  <testcase name="Test error - NonExistentNameInOpPromExpr: file:/root/czt-code/typechecker/typechecker-oz/target/test-classes/oz/NonExistentNameInOpPromExpr-OpPromExpr.error" classname="net.sourceforge.czt.typecheck.z.TypeCheckerTest$TestError" time="0"/>
  <testcase name="Test error - NonExistentNameInOpPromExpr: file:/root/czt-code/typechecker/typechecker-oz/target/test-classes/oz/NonExistentNameInOpPromExpr-RenameExpr-Op.error" classname="net.sourceforge.czt.typecheck.z.TypeCheckerTest$TestError" time="0.023"/>
  <testcase name="Test error - NonExistentNameInOpPromExpr: file:/root/czt-code/typechecker/typechecker-oz/target/test-classes/oz/NonExistentNameInOpPromExpr-RenameExpr-Op.error" classname="net.sourceforge.czt.typecheck.z.TypeCheckerTest$TestError" time="0.008"/>
  <testcase name="Test error - NonExistentNameInOpPromExpr: file:/root/czt-code/typechecker/typechecker-oz/target/test-classes/oz/NonExistentNameInOpPromExpr-RenameExpr-Op.error" classname="net.sourceforge.czt.typecheck.z.TypeCheckerTest$TestError" time="0.008"/>
  <testcase name="Test error - NonExistentNameInVisibilityList: file:/root/czt-code/typechecker/typechecker-oz/target/test-classes/oz/NonExistentNameInVisibilityList-Attr.error" classname="net.sourceforge.czt.typecheck.z.TypeCheckerTest$TestError" time="0.009"/>
  <testcase name="Test error - NonExistentNameInVisibilityList: file:/root/czt-code/typechecker/typechecker-oz/target/test-classes/oz/NonExistentNameInVisibilityList-Attr.error" classname="net.sourceforge.czt.typecheck.z.TypeCheckerTest$TestError" time="0.016"/>
  <testcase name="Test error - NonExistentNameInVisibilityList: file:/root/czt-code/typechecker/typechecker-oz/target/test-classes/oz/NonExistentNameInVisibilityList-Attr.error" classname="net.sourceforge.czt.typecheck.z.TypeCheckerTest$TestError" time="0.01"/>
  <testcase name="Test error - NonExistentNameInVisibilityList: file:/root/czt-code/typechecker/typechecker-oz/target/test-classes/oz/NonExistentNameInVisibilityList-Op.error" classname="net.sourceforge.czt.typecheck.z.TypeCheckerTest$TestError" time="0.022"/>
  <testcase name="Test error - NonExistentNameInVisibilityList: file:/root/czt-code/typechecker/typechecker-oz/target/test-classes/oz/NonExistentNameInVisibilityList-Op.error" classname="net.sourceforge.czt.typecheck.z.TypeCheckerTest$TestError" time="0"/>
  <testcase name="Test error - NonExistentNameInVisibilityList: file:/root/czt-code/typechecker/typechecker-oz/target/test-classes/oz/NonExistentNameInVisibilityList-Op.error" classname="net.sourceforge.czt.typecheck.z.TypeCheckerTest$TestError" time="0.008"/>
  <testcase name="Test error - NonExistentNameInVisibilityList: file:/root/czt-code/typechecker/typechecker-oz/target/test-classes/oz/NonExistentNameInVisibilityList-State.error" classname="net.sourceforge.czt.typecheck.z.TypeCheckerTest$TestError" time="0.014"/>
  <testcase name="Test error - NonExistentNameInVisibilityList: file:/root/czt-code/typechecker/typechecker-oz/target/test-classes/oz/NonExistentNameInVisibilityList-State.error" classname="net.sourceforge.czt.typecheck.z.TypeCheckerTest$TestError" time="0.016"/>
  <testcase name="Test error - NonExistentNameInVisibilityList: file:/root/czt-code/typechecker/typechecker-oz/target/test-classes/oz/NonExistentNameInVisibilityList-State.error" classname="net.sourceforge.czt.typecheck.z.TypeCheckerTest$TestError" time="0.007"/>
  <testcase name="Test error - NonExistentSelection: file:/root/czt-code/typechecker/typechecker-oz/target/test-classes/oz/NonExistentSelection-Downcast-1.error" classname="net.sourceforge.czt.typecheck.z.TypeCheckerTest$TestError" time="0.013"/>
  <testcase name="Test error - NonExistentSelection: file:/root/czt-code/typechecker/typechecker-oz/target/test-classes/oz/NonExistentSelection-Downcast-1.error" classname="net.sourceforge.czt.typecheck.z.TypeCheckerTest$TestError" time="0.015"/>
  <testcase name="Test error - NonExistentSelection: file:/root/czt-code/typechecker/typechecker-oz/target/test-classes/oz/NonExistentSelection-Downcast-1.error" classname="net.sourceforge.czt.typecheck.z.TypeCheckerTest$TestError" time="0.014"/>
  <testcase name="Test error - NonExistentSelection: file:/root/czt-code/typechecker/typechecker-oz/target/test-classes/oz/NonExistentSelection-Downcast-2.error" classname="net.sourceforge.czt.typecheck.z.TypeCheckerTest$TestError" time="0.017"/>
  <testcase name="Test error - NonExistentSelection: file:/root/czt-code/typechecker/typechecker-oz/target/test-classes/oz/NonExistentSelection-Downcast-2.error" classname="net.sourceforge.czt.typecheck.z.TypeCheckerTest$TestError" time="0"/>
  <testcase name="Test error - NonExistentSelection: file:/root/czt-code/typechecker/typechecker-oz/target/test-classes/oz/NonExistentSelection-Downcast-2.error" classname="net.sourceforge.czt.typecheck.z.TypeCheckerTest$TestError" time="0.011"/>
  <testcase name="Test error - NonExistentSelection: file:/root/czt-code/typechecker/typechecker-oz/target/test-classes/oz/NonExistentSelection-Downcast-3.error" classname="net.sourceforge.czt.typecheck.z.TypeCheckerTest$TestError" time="0.029"/>
  <testcase name="Test error - NonExistentSelection: file:/root/czt-code/typechecker/typechecker-oz/target/test-classes/oz/NonExistentSelection-Downcast-3.error" classname="net.sourceforge.czt.typecheck.z.TypeCheckerTest$TestError" time="0.007"/>
  <testcase name="Test error - NonExistentSelection: file:/root/czt-code/typechecker/typechecker-oz/target/test-classes/oz/NonExistentSelection-Downcast-3.error" classname="net.sourceforge.czt.typecheck.z.TypeCheckerTest$TestError" time="0.011"/>
  <testcase name="Test error - NonExistentSelection: file:/root/czt-code/typechecker/typechecker-oz/target/test-classes/oz/NonExistentSelection-Downcast-4.error" classname="net.sourceforge.czt.typecheck.z.TypeCheckerTest$TestError" time="0.007"/>
  <testcase name="Test error - NonExistentSelection: file:/root/czt-code/typechecker/typechecker-oz/target/test-classes/oz/NonExistentSelection-Downcast-4.error" classname="net.sourceforge.czt.typecheck.z.TypeCheckerTest$TestError" time="0.013"/>
  <testcase name="Test error - NonExistentSelection: file:/root/czt-code/typechecker/typechecker-oz/target/test-classes/oz/NonExistentSelection-Downcast-4.error" classname="net.sourceforge.czt.typecheck.z.TypeCheckerTest$TestError" time="0.011"/>
  <testcase name="Test error - NonExistentSelection: file:/root/czt-code/typechecker/typechecker-oz/target/test-classes/oz/NonExistentSelection-FeatureSel-1.error" classname="net.sourceforge.czt.typecheck.z.TypeCheckerTest$TestError" time="0.016"/>
  <testcase name="Test error - NonExistentSelection: file:/root/czt-code/typechecker/typechecker-oz/target/test-classes/oz/NonExistentSelection-FeatureSel-1.error" classname="net.sourceforge.czt.typecheck.z.TypeCheckerTest$TestError" time="0.011"/>
  <testcase name="Test error - NonExistentSelection: file:/root/czt-code/typechecker/typechecker-oz/target/test-classes/oz/NonExistentSelection-FeatureSel-1.error" classname="net.sourceforge.czt.typecheck.z.TypeCheckerTest$TestError" time="0.013"/>
  <testcase name="Test error - NonExistentSelection: file:/root/czt-code/typechecker/typechecker-oz/target/test-classes/oz/NonExistentSelection-RenameExpr-Attr.error" classname="net.sourceforge.czt.typecheck.z.TypeCheckerTest$TestError" time="0.024"/>
  <testcase name="Test error - NonExistentSelection: file:/root/czt-code/typechecker/typechecker-oz/target/test-classes/oz/NonExistentSelection-RenameExpr-Attr.error" classname="net.sourceforge.czt.typecheck.z.TypeCheckerTest$TestError" time="0.006"/>
  <testcase name="Test error - NonExistentSelection: file:/root/czt-code/typechecker/typechecker-oz/target/test-classes/oz/NonExistentSelection-RenameExpr-Attr.error" classname="net.sourceforge.czt.typecheck.z.TypeCheckerTest$TestError" time="0.014"/>
  <testcase name="Test error - NonExistentSelection: file:/root/czt-code/typechecker/typechecker-oz/target/test-classes/oz/NonExistentSelection-RenameExpr-State.error" classname="net.sourceforge.czt.typecheck.z.TypeCheckerTest$TestError" time="0.018"/>
  <testcase name="Test error - NonExistentSelection: file:/root/czt-code/typechecker/typechecker-oz/target/test-classes/oz/NonExistentSelection-RenameExpr-State.error" classname="net.sourceforge.czt.typecheck.z.TypeCheckerTest$TestError" time="0.018"/>
  <testcase name="Test error - NonExistentSelection: file:/root/czt-code/typechecker/typechecker-oz/target/test-classes/oz/NonExistentSelection-RenameExpr-State.error" classname="net.sourceforge.czt.typecheck.z.TypeCheckerTest$TestError" time="0"/>
  <testcase name="Test error - NonPrimDeclInDeltaList: file:/root/czt-code/typechecker/typechecker-oz/target/test-classes/oz/NonPrimDeclInDeltaList-OpText-1.error" classname="net.sourceforge.czt.typecheck.z.TypeCheckerTest$TestError" time="0.017"/>
  <testcase name="Test error - NonPrimDeclInDeltaList: file:/root/czt-code/typechecker/typechecker-oz/target/test-classes/oz/NonPrimDeclInDeltaList-OpText-1.error" classname="net.sourceforge.czt.typecheck.z.TypeCheckerTest$TestError" time="0"/>
  <testcase name="Test error - NonPrimDeclInDeltaList: file:/root/czt-code/typechecker/typechecker-oz/target/test-classes/oz/NonPrimDeclInDeltaList-OpText-1.error" classname="net.sourceforge.czt.typecheck.z.TypeCheckerTest$TestError" time="0.011"/>
  <testcase name="Test error - NonPrimDeclInDeltaList: file:/root/czt-code/typechecker/typechecker-oz/target/test-classes/oz/NonPrimDeclInDeltaList-OpText-2.error" classname="net.sourceforge.czt.typecheck.z.TypeCheckerTest$TestError" time="0.016"/>
  <testcase name="Test error - NonPrimDeclInDeltaList: file:/root/czt-code/typechecker/typechecker-oz/target/test-classes/oz/NonPrimDeclInDeltaList-OpText-2.error" classname="net.sourceforge.czt.typecheck.z.TypeCheckerTest$TestError" time="0.012"/>
  <testcase name="Test error - NonPrimDeclInDeltaList: file:/root/czt-code/typechecker/typechecker-oz/target/test-classes/oz/NonPrimDeclInDeltaList-OpText-2.error" classname="net.sourceforge.czt.typecheck.z.TypeCheckerTest$TestError" time="0.006"/>
  <testcase name="Test error - NonRefInPolyExpr: file:/root/czt-code/typechecker/typechecker-oz/target/test-classes/oz/NonRefInPolyExpr-PolyExpr-1.error" classname="net.sourceforge.czt.typecheck.z.TypeCheckerTest$TestError" time="0.015"/>
  <testcase name="Test error - NonRefInPolyExpr: file:/root/czt-code/typechecker/typechecker-oz/target/test-classes/oz/NonRefInPolyExpr-PolyExpr-1.error" classname="net.sourceforge.czt.typecheck.z.TypeCheckerTest$TestError" time="0.012"/>
  <testcase name="Test error - NonRefInPolyExpr: file:/root/czt-code/typechecker/typechecker-oz/target/test-classes/oz/NonRefInPolyExpr-PolyExpr-1.error" classname="net.sourceforge.czt.typecheck.z.TypeCheckerTest$TestError" time="0"/>
  <testcase name="Test error - NonRefInPolyExpr: file:/root/czt-code/typechecker/typechecker-oz/target/test-classes/oz/NonRefInPolyExpr-PolyExpr-2.error" classname="net.sourceforge.czt.typecheck.z.TypeCheckerTest$TestError" time="0.014"/>
  <testcase name="Test error - NonRefInPolyExpr: file:/root/czt-code/typechecker/typechecker-oz/target/test-classes/oz/NonRefInPolyExpr-PolyExpr-2.error" classname="net.sourceforge.czt.typecheck.z.TypeCheckerTest$TestError" time="0"/>
  <testcase name="Test error - NonRefInPolyExpr: file:/root/czt-code/typechecker/typechecker-oz/target/test-classes/oz/NonRefInPolyExpr-PolyExpr-2.error" classname="net.sourceforge.czt.typecheck.z.TypeCheckerTest$TestError" time="0.012"/>
  <testcase name="Test error - NonVisibleFeatureInPolyExpr: file:/root/czt-code/typechecker/typechecker-oz/target/test-classes/oz/NonVisibleFeatureInPolyExpr-PolyExpr-Attr.error" classname="net.sourceforge.czt.typecheck.z.TypeCheckerTest$TestError" time="0.022"/>
  <testcase name="Test error - NonVisibleFeatureInPolyExpr: file:/root/czt-code/typechecker/typechecker-oz/target/test-classes/oz/NonVisibleFeatureInPolyExpr-PolyExpr-Attr.error" classname="net.sourceforge.czt.typecheck.z.TypeCheckerTest$TestError" time="0.011"/>
  <testcase name="Test error - NonVisibleFeatureInPolyExpr: file:/root/czt-code/typechecker/typechecker-oz/target/test-classes/oz/NonVisibleFeatureInPolyExpr-PolyExpr-Attr.error" classname="net.sourceforge.czt.typecheck.z.TypeCheckerTest$TestError" time="0.011"/>
  <testcase name="Test error - NonVisibleFeatureInPolyExpr: file:/root/czt-code/typechecker/typechecker-oz/target/test-classes/oz/NonVisibleFeatureInPolyExpr-PolyExpr-Op.error" classname="net.sourceforge.czt.typecheck.z.TypeCheckerTest$TestError" time="0.016"/>
  <testcase name="Test error - NonVisibleFeatureInPolyExpr: file:/root/czt-code/typechecker/typechecker-oz/target/test-classes/oz/NonVisibleFeatureInPolyExpr-PolyExpr-Op.error" classname="net.sourceforge.czt.typecheck.z.TypeCheckerTest$TestError" time="0.016"/>
  <testcase name="Test error - NonVisibleFeatureInPolyExpr: file:/root/czt-code/typechecker/typechecker-oz/target/test-classes/oz/NonVisibleFeatureInPolyExpr-PolyExpr-Op.error" classname="net.sourceforge.czt.typecheck.z.TypeCheckerTest$TestError" time="0"/>
  <testcase name="Test error - NonVisibleFeatureInPolyExpr: file:/root/czt-code/typechecker/typechecker-oz/target/test-classes/oz/NonVisibleFeatureInPolyExpr-PolyExpr-State.error" classname="net.sourceforge.czt.typecheck.z.TypeCheckerTest$TestError" time="0.019"/>
  <testcase name="Test error - NonVisibleFeatureInPolyExpr: file:/root/czt-code/typechecker/typechecker-oz/target/test-classes/oz/NonVisibleFeatureInPolyExpr-PolyExpr-State.error" classname="net.sourceforge.czt.typecheck.z.TypeCheckerTest$TestError" time="0"/>
  <testcase name="Test error - NonVisibleFeatureInPolyExpr: file:/root/czt-code/typechecker/typechecker-oz/target/test-classes/oz/NonVisibleFeatureInPolyExpr-PolyExpr-State.error" classname="net.sourceforge.czt.typecheck.z.TypeCheckerTest$TestError" time="0.011"/>
  <testcase name="Test error - NonVisibleNameInOpPromExpr: file:/root/czt-code/typechecker/typechecker-oz/target/test-classes/oz/NonVisibleNameInOpPromExpr-OpPromExpr.error" classname="net.sourceforge.czt.typecheck.z.TypeCheckerTest$TestError" time="0.016"/>
  <testcase name="Test error - NonVisibleNameInOpPromExpr: file:/root/czt-code/typechecker/typechecker-oz/target/test-classes/oz/NonVisibleNameInOpPromExpr-OpPromExpr.error" classname="net.sourceforge.czt.typecheck.z.TypeCheckerTest$TestError" time="0.015"/>
  <testcase name="Test error - NonVisibleNameInOpPromExpr: file:/root/czt-code/typechecker/typechecker-oz/target/test-classes/oz/NonVisibleNameInOpPromExpr-OpPromExpr.error" classname="net.sourceforge.czt.typecheck.z.TypeCheckerTest$TestError" time="0"/>
  <testcase name="Test error - NonVisibleNameInSelExpr: file:/root/czt-code/typechecker/typechecker-oz/target/test-classes/oz/NonVisibleNameInSelExpr-BindSelExpr.error" classname="net.sourceforge.czt.typecheck.z.TypeCheckerTest$TestError" time="0.033"/>
  <testcase name="Test error - NonVisibleNameInSelExpr: file:/root/czt-code/typechecker/typechecker-oz/target/test-classes/oz/NonVisibleNameInSelExpr-BindSelExpr.error" classname="net.sourceforge.czt.typecheck.z.TypeCheckerTest$TestError" time="0.015"/>
  <testcase name="Test error - NonVisibleNameInSelExpr: file:/root/czt-code/typechecker/typechecker-oz/target/test-classes/oz/NonVisibleNameInSelExpr-BindSelExpr.error" classname="net.sourceforge.czt.typecheck.z.TypeCheckerTest$TestError" time="0.012"/>
  <testcase name="Test normal: file:/root/czt-code/typechecker/typechecker-oz/target/test-classes/oz/OID.tex" classname="net.sourceforge.czt.typecheck.z.TypeCheckerTest$TestNormal" time="0.018"/>
  <testcase name="Test normal: file:/root/czt-code/typechecker/typechecker-oz/target/test-classes/oz/OID.tex" classname="net.sourceforge.czt.typecheck.z.TypeCheckerTest$TestNormal" time="0"/>
  <testcase name="Test normal: file:/root/czt-code/typechecker/typechecker-oz/target/test-classes/oz/OID.tex" classname="net.sourceforge.czt.typecheck.z.TypeCheckerTest$TestNormal" time="0"/>
  <testcase name="Test normal: file:/root/czt-code/typechecker/typechecker-oz/target/test-classes/oz/ParallelOpExpr.tex" classname="net.sourceforge.czt.typecheck.z.TypeCheckerTest$TestNormal" time="0.019"/>
  <testcase name="Test normal: file:/root/czt-code/typechecker/typechecker-oz/target/test-classes/oz/ParallelOpExpr.tex" classname="net.sourceforge.czt.typecheck.z.TypeCheckerTest$TestNormal" time="0.017"/>
  <testcase name="Test normal: file:/root/czt-code/typechecker/typechecker-oz/target/test-classes/oz/ParallelOpExpr.tex" classname="net.sourceforge.czt.typecheck.z.TypeCheckerTest$TestNormal" time="0.022"/>
  <testcase name="Test error - ParameterMismatchInPolyExpr: file:/root/czt-code/typechecker/typechecker-oz/target/test-classes/oz/ParameterMismatchInPolyExpr-PolyExpr-1.error" classname="net.sourceforge.czt.typecheck.z.TypeCheckerTest$TestError" time="0.013"/>
  <testcase name="Test error - ParameterMismatchInPolyExpr: file:/root/czt-code/typechecker/typechecker-oz/target/test-classes/oz/ParameterMismatchInPolyExpr-PolyExpr-1.error" classname="net.sourceforge.czt.typecheck.z.TypeCheckerTest$TestError" time="0.019"/>
  <testcase name="Test error - ParameterMismatchInPolyExpr: file:/root/czt-code/typechecker/typechecker-oz/target/test-classes/oz/ParameterMismatchInPolyExpr-PolyExpr-1.error" classname="net.sourceforge.czt.typecheck.z.TypeCheckerTest$TestError" time="0"/>
  <testcase name="Test error - ParameterMismatchInPolyExpr: file:/root/czt-code/typechecker/typechecker-oz/target/test-classes/oz/ParameterMismatchInPolyExpr-PolyExpr-2.error" classname="net.sourceforge.czt.typecheck.z.TypeCheckerTest$TestError" time="0.02"/>
  <testcase name="Test error - ParameterMismatchInPolyExpr: file:/root/czt-code/typechecker/typechecker-oz/target/test-classes/oz/ParameterMismatchInPolyExpr-PolyExpr-2.error" classname="net.sourceforge.czt.typecheck.z.TypeCheckerTest$TestError" time="0.007"/>
  <testcase name="Test error - ParameterMismatchInPolyExpr: file:/root/czt-code/typechecker/typechecker-oz/target/test-classes/oz/ParameterMismatchInPolyExpr-PolyExpr-2.error" classname="net.sourceforge.czt.typecheck.z.TypeCheckerTest$TestError" time="0.008"/>
  <testcase name="Test error - ParametersNotDetermined: file:/root/czt-code/typechecker/typechecker-oz/target/test-classes/oz/ParametersNotDetermined-BindSelExpr-ApplExpr.error" classname="net.sourceforge.czt.typecheck.z.TypeCheckerTest$TestError" time="0.01"/>
  <testcase name="Test error - ParametersNotDetermined: file:/root/czt-code/typechecker/typechecker-oz/target/test-classes/oz/ParametersNotDetermined-BindSelExpr-ApplExpr.error" classname="net.sourceforge.czt.typecheck.z.TypeCheckerTest$TestError" time="0.007"/>
  <testcase name="Test error - ParametersNotDetermined: file:/root/czt-code/typechecker/typechecker-oz/target/test-classes/oz/ParametersNotDetermined-BindSelExpr-ApplExpr.error" classname="net.sourceforge.czt.typecheck.z.TypeCheckerTest$TestError" time="0.012"/>
  <testcase name="Test error - ParametersNotDetermined: file:/root/czt-code/typechecker/typechecker-oz/target/test-classes/oz/ParametersNotDetermined-BindSelExpr-Equality.error" classname="net.sourceforge.czt.typecheck.z.TypeCheckerTest$TestError" time="0.011"/>
  <testcase name="Test error - ParametersNotDetermined: file:/root/czt-code/typechecker/typechecker-oz/target/test-classes/oz/ParametersNotDetermined-BindSelExpr-Equality.error" classname="net.sourceforge.czt.typecheck.z.TypeCheckerTest$TestError" time="0.007"/>
  <testcase name="Test error - ParametersNotDetermined: file:/root/czt-code/typechecker/typechecker-oz/target/test-classes/oz/ParametersNotDetermined-BindSelExpr-Equality.error" classname="net.sourceforge.czt.typecheck.z.TypeCheckerTest$TestError" time="0.017"/>
  <testcase name="Test normal: file:/root/czt-code/typechecker/typechecker-oz/target/test-classes/oz/PolyExpr.tex" classname="net.sourceforge.czt.typecheck.z.TypeCheckerTest$TestNormal" time="0.011"/>
  <testcase name="Test normal: file:/root/czt-code/typechecker/typechecker-oz/target/test-classes/oz/PolyExpr.tex" classname="net.sourceforge.czt.typecheck.z.TypeCheckerTest$TestNormal" time="0.019"/>
  <testcase name="Test normal: file:/root/czt-code/typechecker/typechecker-oz/target/test-classes/oz/PolyExpr.tex" classname="net.sourceforge.czt.typecheck.z.TypeCheckerTest$TestNormal" time="0"/>
  <testcase name="Test normal: file:/root/czt-code/typechecker/typechecker-oz/target/test-classes/oz/PredExpr.tex" classname="net.sourceforge.czt.typecheck.z.TypeCheckerTest$TestNormal" time="0.02"/>
  <testcase name="Test normal: file:/root/czt-code/typechecker/typechecker-oz/target/test-classes/oz/PredExpr.tex" classname="net.sourceforge.czt.typecheck.z.TypeCheckerTest$TestNormal" time="0.013"/>
  <testcase name="Test normal: file:/root/czt-code/typechecker/typechecker-oz/target/test-classes/oz/PredExpr.tex" classname="net.sourceforge.czt.typecheck.z.TypeCheckerTest$TestNormal" time="0.01"/>
  <testcase name="Test error - RedeclaredNameInClassPara: file:/root/czt-code/typechecker/typechecker-oz/target/test-classes/oz/RedeclaredNameInClassPara-Attr-Op.error" classname="net.sourceforge.czt.typecheck.z.TypeCheckerTest$TestError" time="0"/>
  <testcase name="Test error - RedeclaredNameInClassPara: file:/root/czt-code/typechecker/typechecker-oz/target/test-classes/oz/RedeclaredNameInClassPara-Attr-Op.error" classname="net.sourceforge.czt.typecheck.z.TypeCheckerTest$TestError" time="0.019"/>
  <testcase name="Test error - RedeclaredNameInClassPara: file:/root/czt-code/typechecker/typechecker-oz/target/test-classes/oz/RedeclaredNameInClassPara-Attr-Op.error" classname="net.sourceforge.czt.typecheck.z.TypeCheckerTest$TestError" time="0.017"/>
  <testcase name="Test error - RedeclaredNameInClassPara: file:/root/czt-code/typechecker/typechecker-oz/target/test-classes/oz/RedeclaredNameInClassPara-Attr.error" classname="net.sourceforge.czt.typecheck.z.TypeCheckerTest$TestError" time="0.017"/>
  <testcase name="Test error - RedeclaredNameInClassPara: file:/root/czt-code/typechecker/typechecker-oz/target/test-classes/oz/RedeclaredNameInClassPara-Attr.error" classname="net.sourceforge.czt.typecheck.z.TypeCheckerTest$TestError" time="0"/>
  <testcase name="Test error - RedeclaredNameInClassPara: file:/root/czt-code/typechecker/typechecker-oz/target/test-classes/oz/RedeclaredNameInClassPara-Attr.error" classname="net.sourceforge.czt.typecheck.z.TypeCheckerTest$TestError" time="0.001"/>
  <testcase name="Test error - RedeclaredNameInClassPara: file:/root/czt-code/typechecker/typechecker-oz/target/test-classes/oz/RedeclaredNameInClassPara-ClassName.error" classname="net.sourceforge.czt.typecheck.z.TypeCheckerTest$TestError" time="0.012"/>
  <testcase name="Test error - RedeclaredNameInClassPara: file:/root/czt-code/typechecker/typechecker-oz/target/test-classes/oz/RedeclaredNameInClassPara-ClassName.error" classname="net.sourceforge.czt.typecheck.z.TypeCheckerTest$TestError" time="0.011"/>
  <testcase name="Test error - RedeclaredNameInClassPara: file:/root/czt-code/typechecker/typechecker-oz/target/test-classes/oz/RedeclaredNameInClassPara-ClassName.error" classname="net.sourceforge.czt.typecheck.z.TypeCheckerTest$TestError" time="0.011"/>
  <testcase name="Test error - RedeclaredNameInClassPara: file:/root/czt-code/typechecker/typechecker-oz/target/test-classes/oz/RedeclaredNameInClassPara-Different.error" classname="net.sourceforge.czt.typecheck.z.TypeCheckerTest$TestError" time="0"/>
  <testcase name="Test error - RedeclaredNameInClassPara: file:/root/czt-code/typechecker/typechecker-oz/target/test-classes/oz/RedeclaredNameInClassPara-Different.error" classname="net.sourceforge.czt.typecheck.z.TypeCheckerTest$TestError" time="0.02"/>
  <testcase name="Test error - RedeclaredNameInClassPara: file:/root/czt-code/typechecker/typechecker-oz/target/test-classes/oz/RedeclaredNameInClassPara-Different.error" classname="net.sourceforge.czt.typecheck.z.TypeCheckerTest$TestError" time="0.011"/>
  <testcase name="Test error - RedeclaredNameInClassPara: file:/root/czt-code/typechecker/typechecker-oz/target/test-classes/oz/RedeclaredNameInClassPara-Op-Compatible.error" classname="net.sourceforge.czt.typecheck.z.TypeCheckerTest$TestError" time="0.009"/>
  <testcase name="Test error - RedeclaredNameInClassPara: file:/root/czt-code/typechecker/typechecker-oz/target/test-classes/oz/RedeclaredNameInClassPara-Op-Compatible.error" classname="net.sourceforge.czt.typecheck.z.TypeCheckerTest$TestError" time="0"/>
  <testcase name="Test error - RedeclaredNameInClassPara: file:/root/czt-code/typechecker/typechecker-oz/target/test-classes/oz/RedeclaredNameInClassPara-Op-Compatible.error" classname="net.sourceforge.czt.typecheck.z.TypeCheckerTest$TestError" time="0"/>
  <testcase name="Test error - RedeclaredNameInClassPara: file:/root/czt-code/typechecker/typechecker-oz/target/test-classes/oz/RedeclaredNameInClassPara-Op.error" classname="net.sourceforge.czt.typecheck.z.TypeCheckerTest$TestError" time="0.009"/>
  <testcase name="Test error - RedeclaredNameInClassPara: file:/root/czt-code/typechecker/typechecker-oz/target/test-classes/oz/RedeclaredNameInClassPara-Op.error" classname="net.sourceforge.czt.typecheck.z.TypeCheckerTest$TestError" time="0.011"/>
  <testcase name="Test error - RedeclaredNameInClassPara: file:/root/czt-code/typechecker/typechecker-oz/target/test-classes/oz/RedeclaredNameInClassPara-Op.error" classname="net.sourceforge.czt.typecheck.z.TypeCheckerTest$TestError" time="0.011"/>
  <testcase name="Test error - RedeclaredNameInClassPara: file:/root/czt-code/typechecker/typechecker-oz/target/test-classes/oz/RedeclaredNameInClassPara-PrimVar.error" classname="net.sourceforge.czt.typecheck.z.TypeCheckerTest$TestError" time="0.014"/>
  <testcase name="Test error - RedeclaredNameInClassPara: file:/root/czt-code/typechecker/typechecker-oz/target/test-classes/oz/RedeclaredNameInClassPara-PrimVar.error" classname="net.sourceforge.czt.typecheck.z.TypeCheckerTest$TestError" time="0"/>
  <testcase name="Test error - RedeclaredNameInClassPara: file:/root/czt-code/typechecker/typechecker-oz/target/test-classes/oz/RedeclaredNameInClassPara-PrimVar.error" classname="net.sourceforge.czt.typecheck.z.TypeCheckerTest$TestError" time="0"/>
  <testcase name="Test error - RedeclaredNameInClassPara: file:/root/czt-code/typechecker/typechecker-oz/target/test-classes/oz/RedeclaredNameInClassPara-SecVar.error" classname="net.sourceforge.czt.typecheck.z.TypeCheckerTest$TestError" time="0.007"/>
  <testcase name="Test error - RedeclaredNameInClassPara: file:/root/czt-code/typechecker/typechecker-oz/target/test-classes/oz/RedeclaredNameInClassPara-SecVar.error" classname="net.sourceforge.czt.typecheck.z.TypeCheckerTest$TestError" time="0.008"/>
  <testcase name="Test error - RedeclaredNameInClassPara: file:/root/czt-code/typechecker/typechecker-oz/target/test-classes/oz/RedeclaredNameInClassPara-SecVar.error" classname="net.sourceforge.czt.typecheck.z.TypeCheckerTest$TestError" time="0"/>
  <testcase name="Test normal: file:/root/czt-code/typechecker/typechecker-oz/target/test-classes/oz/RenameExpr.tex" classname="net.sourceforge.czt.typecheck.z.TypeCheckerTest$TestNormal" time="0.007"/>
  <testcase name="Test normal: file:/root/czt-code/typechecker/typechecker-oz/target/test-classes/oz/RenameExpr.tex" classname="net.sourceforge.czt.typecheck.z.TypeCheckerTest$TestNormal" time="0.012"/>
  <testcase name="Test normal: file:/root/czt-code/typechecker/typechecker-oz/target/test-classes/oz/RenameExpr.tex" classname="net.sourceforge.czt.typecheck.z.TypeCheckerTest$TestNormal" time="0.017"/>
  <testcase name="Test normal: file:/root/czt-code/typechecker/typechecker-oz/target/test-classes/oz/RenameOpExpr.tex" classname="net.sourceforge.czt.typecheck.z.TypeCheckerTest$TestNormal" time="0.026"/>
  <testcase name="Test normal: file:/root/czt-code/typechecker/typechecker-oz/target/test-classes/oz/RenameOpExpr.tex" classname="net.sourceforge.czt.typecheck.z.TypeCheckerTest$TestNormal" time="0.018"/>
  <testcase name="Test normal: file:/root/czt-code/typechecker/typechecker-oz/target/test-classes/oz/RenameOpExpr.tex" classname="net.sourceforge.czt.typecheck.z.TypeCheckerTest$TestNormal" time="0.014"/>
  <testcase name="Test normal: file:/root/czt-code/typechecker/typechecker-oz/target/test-classes/oz/ScopeEnrichOpExpr.tex" classname="net.sourceforge.czt.typecheck.z.TypeCheckerTest$TestNormal" time="0.021"/>
  <testcase name="Test normal: file:/root/czt-code/typechecker/typechecker-oz/target/test-classes/oz/ScopeEnrichOpExpr.tex" classname="net.sourceforge.czt.typecheck.z.TypeCheckerTest$TestNormal" time="0.008"/>
  <testcase name="Test normal: file:/root/czt-code/typechecker/typechecker-oz/target/test-classes/oz/ScopeEnrichOpExpr.tex" classname="net.sourceforge.czt.typecheck.z.TypeCheckerTest$TestNormal" time="0.018"/>
  <testcase name="Test error - TypeMismatchInApplExpr: file:/root/czt-code/typechecker/typechecker-oz/target/test-classes/oz/TypeMismatchInApplExpr-ApplExpr.error" classname="net.sourceforge.czt.typecheck.z.TypeCheckerTest$TestError" time="0.016"/>
  <testcase name="Test error - TypeMismatchInApplExpr: file:/root/czt-code/typechecker/typechecker-oz/target/test-classes/oz/TypeMismatchInApplExpr-ApplExpr.error" classname="net.sourceforge.czt.typecheck.z.TypeCheckerTest$TestError" time="0.007"/>
  <testcase name="Test error - TypeMismatchInApplExpr: file:/root/czt-code/typechecker/typechecker-oz/target/test-classes/oz/TypeMismatchInApplExpr-ApplExpr.error" classname="net.sourceforge.czt.typecheck.z.TypeCheckerTest$TestError" time="0"/>
  <testcase name="Test error - TypeMismatchInAssoParallelOpExpr: file:/root/czt-code/typechecker/typechecker-oz/target/test-classes/oz/TypeMismatchInAssoParallelOpExpr-AssoParallelOpExpr-1to1.error" classname="net.sourceforge.czt.typecheck.z.TypeCheckerTest$TestError" time="0.012"/>
  <testcase name="Test error - TypeMismatchInAssoParallelOpExpr: file:/root/czt-code/typechecker/typechecker-oz/target/test-classes/oz/TypeMismatchInAssoParallelOpExpr-AssoParallelOpExpr-1to1.error" classname="net.sourceforge.czt.typecheck.z.TypeCheckerTest$TestError" time="0.007"/>
  <testcase name="Test error - TypeMismatchInAssoParallelOpExpr: file:/root/czt-code/typechecker/typechecker-oz/target/test-classes/oz/TypeMismatchInAssoParallelOpExpr-AssoParallelOpExpr-1to1.error" classname="net.sourceforge.czt.typecheck.z.TypeCheckerTest$TestError" time="0.018"/>
  <testcase name="Test error - TypeMismatchInAssoParallelOpExpr: file:/root/czt-code/typechecker/typechecker-oz/target/test-classes/oz/TypeMismatchInAssoParallelOpExpr-AssoParallelOpExpr-1toM.error" classname="net.sourceforge.czt.typecheck.z.TypeCheckerTest$TestError" time="0"/>
  <testcase name="Test error - TypeMismatchInAssoParallelOpExpr: file:/root/czt-code/typechecker/typechecker-oz/target/test-classes/oz/TypeMismatchInAssoParallelOpExpr-AssoParallelOpExpr-1toM.error" classname="net.sourceforge.czt.typecheck.z.TypeCheckerTest$TestError" time="0.007"/>
  <testcase name="Test error - TypeMismatchInAssoParallelOpExpr: file:/root/czt-code/typechecker/typechecker-oz/target/test-classes/oz/TypeMismatchInAssoParallelOpExpr-AssoParallelOpExpr-1toM.error" classname="net.sourceforge.czt.typecheck.z.TypeCheckerTest$TestError" time="0"/>
  <testcase name="Test error - TypeMismatchInAssoParallelOpExpr: file:/root/czt-code/typechecker/typechecker-oz/target/test-classes/oz/TypeMismatchInAssoParallelOpExpr-AssoParallelOpExpr-Mto1.error" classname="net.sourceforge.czt.typecheck.z.TypeCheckerTest$TestError" time="0.011"/>
  <testcase name="Test error - TypeMismatchInAssoParallelOpExpr: file:/root/czt-code/typechecker/typechecker-oz/target/test-classes/oz/TypeMismatchInAssoParallelOpExpr-AssoParallelOpExpr-Mto1.error" classname="net.sourceforge.czt.typecheck.z.TypeCheckerTest$TestError" time="0.007"/>
  <testcase name="Test error - TypeMismatchInAssoParallelOpExpr: file:/root/czt-code/typechecker/typechecker-oz/target/test-classes/oz/TypeMismatchInAssoParallelOpExpr-AssoParallelOpExpr-Mto1.error" classname="net.sourceforge.czt.typecheck.z.TypeCheckerTest$TestError" time="0"/>
  <testcase name="Test error - TypeMismatchInAssoParallelOpExpr: file:/root/czt-code/typechecker/typechecker-oz/target/test-classes/oz/TypeMismatchInAssoParallelOpExpr-AssoParallelOpExpr-MtoM.error" classname="net.sourceforge.czt.typecheck.z.TypeCheckerTest$TestError" time="0.013"/>
  <testcase name="Test error - TypeMismatchInAssoParallelOpExpr: file:/root/czt-code/typechecker/typechecker-oz/target/test-classes/oz/TypeMismatchInAssoParallelOpExpr-AssoParallelOpExpr-MtoM.error" classname="net.sourceforge.czt.typecheck.z.TypeCheckerTest$TestError" time="0.007"/>
  <testcase name="Test error - TypeMismatchInAssoParallelOpExpr: file:/root/czt-code/typechecker/typechecker-oz/target/test-classes/oz/TypeMismatchInAssoParallelOpExpr-AssoParallelOpExpr-MtoM.error" classname="net.sourceforge.czt.typecheck.z.TypeCheckerTest$TestError" time="0.015"/>
  <testcase name="Test error - TypeMismatchInEquality: file:/root/czt-code/typechecker/typechecker-oz/target/test-classes/oz/TypeMismatchInEquality-ApplExpr-Vtype.error" classname="net.sourceforge.czt.typecheck.z.TypeCheckerTest$TestError" time="0.011"/>
  <testcase name="Test error - TypeMismatchInEquality: file:/root/czt-code/typechecker/typechecker-oz/target/test-classes/oz/TypeMismatchInEquality-ApplExpr-Vtype.error" classname="net.sourceforge.czt.typecheck.z.TypeCheckerTest$TestError" time="0.011"/>
  <testcase name="Test error - TypeMismatchInEquality: file:/root/czt-code/typechecker/typechecker-oz/target/test-classes/oz/TypeMismatchInEquality-ApplExpr-Vtype.error" classname="net.sourceforge.czt.typecheck.z.TypeCheckerTest$TestError" time="0"/>
  <testcase name="Test error - TypeMismatchInEquality: file:/root/czt-code/typechecker/typechecker-oz/target/test-classes/oz/TypeMismatchInEquality-ContainmentExpr_Vtype.error" classname="net.sourceforge.czt.typecheck.z.TypeCheckerTest$TestError" time="0.013"/>
  <testcase name="Test error - TypeMismatchInEquality: file:/root/czt-code/typechecker/typechecker-oz/target/test-classes/oz/TypeMismatchInEquality-ContainmentExpr_Vtype.error" classname="net.sourceforge.czt.typecheck.z.TypeCheckerTest$TestError" time="0.007"/>
  <testcase name="Test error - TypeMismatchInEquality: file:/root/czt-code/typechecker/typechecker-oz/target/test-classes/oz/TypeMismatchInEquality-ContainmentExpr_Vtype.error" classname="net.sourceforge.czt.typecheck.z.TypeCheckerTest$TestError" time="0.007"/>
  <testcase name="Test error - TypeMismatchInEquality: file:/root/czt-code/typechecker/typechecker-oz/target/test-classes/oz/TypeMismatchInEquality-GenericClass.error" classname="net.sourceforge.czt.typecheck.z.TypeCheckerTest$TestError" time="0.003"/>
  <testcase name="Test error - TypeMismatchInEquality: file:/root/czt-code/typechecker/typechecker-oz/target/test-classes/oz/TypeMismatchInEquality-GenericClass.error" classname="net.sourceforge.czt.typecheck.z.TypeCheckerTest$TestError" time="0.007"/>
  <testcase name="Test error - TypeMismatchInEquality: file:/root/czt-code/typechecker/typechecker-oz/target/test-classes/oz/TypeMismatchInEquality-GenericClass.error" classname="net.sourceforge.czt.typecheck.z.TypeCheckerTest$TestError" time="0.008"/>
  <testcase name="Test error - TypeMismatchInEquality: file:/root/czt-code/typechecker/typechecker-oz/target/test-classes/oz/TypeMismatchInEquality-SameGivenName.error" classname="net.sourceforge.czt.typecheck.z.TypeCheckerTest$TestError" time="0.02"/>
  <testcase name="Test error - TypeMismatchInEquality: file:/root/czt-code/typechecker/typechecker-oz/target/test-classes/oz/TypeMismatchInEquality-SameGivenName.error" classname="net.sourceforge.czt.typecheck.z.TypeCheckerTest$TestError" time="0.007"/>
  <testcase name="Test error - TypeMismatchInEquality: file:/root/czt-code/typechecker/typechecker-oz/target/test-classes/oz/TypeMismatchInEquality-SameGivenName.error" classname="net.sourceforge.czt.typecheck.z.TypeCheckerTest$TestError" time="0"/>
  <testcase name="Test error - TypeMismatchInMemPred: file:/root/czt-code/typechecker/typechecker-oz/target/test-classes/oz/TypeMismatchInMemPred-Downcast-1.error" classname="net.sourceforge.czt.typecheck.z.TypeCheckerTest$TestError" time="0.013"/>
  <testcase name="Test error - TypeMismatchInMemPred: file:/root/czt-code/typechecker/typechecker-oz/target/test-classes/oz/TypeMismatchInMemPred-Downcast-1.error" classname="net.sourceforge.czt.typecheck.z.TypeCheckerTest$TestError" time="0.007"/>
  <testcase name="Test error - TypeMismatchInMemPred: file:/root/czt-code/typechecker/typechecker-oz/target/test-classes/oz/TypeMismatchInMemPred-Downcast-1.error" classname="net.sourceforge.czt.typecheck.z.TypeCheckerTest$TestError" time="0"/>
  <testcase name="Test error - TypeMismatchInOpExpr2: file:/root/czt-code/typechecker/typechecker-oz/target/test-classes/oz/TypeMismatchInOpExpr2-OpExpr2-1to1.error" classname="net.sourceforge.czt.typecheck.z.TypeCheckerTest$TestError" time="0"/>
  <testcase name="Test error - TypeMismatchInOpExpr2: file:/root/czt-code/typechecker/typechecker-oz/target/test-classes/oz/TypeMismatchInOpExpr2-OpExpr2-1to1.error" classname="net.sourceforge.czt.typecheck.z.TypeCheckerTest$TestError" time="0.006"/>
  <testcase name="Test error - TypeMismatchInOpExpr2: file:/root/czt-code/typechecker/typechecker-oz/target/test-classes/oz/TypeMismatchInOpExpr2-OpExpr2-1to1.error" classname="net.sourceforge.czt.typecheck.z.TypeCheckerTest$TestError" time="0.021"/>
  <testcase name="Test error - TypeMismatchInOpExpr2: file:/root/czt-code/typechecker/typechecker-oz/target/test-classes/oz/TypeMismatchInOpExpr2-OpExpr2-1toM.error" classname="net.sourceforge.czt.typecheck.z.TypeCheckerTest$TestError" time="0.012"/>
  <testcase name="Test error - TypeMismatchInOpExpr2: file:/root/czt-code/typechecker/typechecker-oz/target/test-classes/oz/TypeMismatchInOpExpr2-OpExpr2-1toM.error" classname="net.sourceforge.czt.typecheck.z.TypeCheckerTest$TestError" time="0.007"/>
  <testcase name="Test error - TypeMismatchInOpExpr2: file:/root/czt-code/typechecker/typechecker-oz/target/test-classes/oz/TypeMismatchInOpExpr2-OpExpr2-1toM.error" classname="net.sourceforge.czt.typecheck.z.TypeCheckerTest$TestError" time="0"/>
  <testcase name="Test error - TypeMismatchInOpExpr2: file:/root/czt-code/typechecker/typechecker-oz/target/test-classes/oz/TypeMismatchInOpExpr2-OpExpr2-Mto1.error" classname="net.sourceforge.czt.typecheck.z.TypeCheckerTest$TestError" time="0.017"/>
  <testcase name="Test error - TypeMismatchInOpExpr2: file:/root/czt-code/typechecker/typechecker-oz/target/test-classes/oz/TypeMismatchInOpExpr2-OpExpr2-Mto1.error" classname="net.sourceforge.czt.typecheck.z.TypeCheckerTest$TestError" time="0.007"/>
  <testcase name="Test error - TypeMismatchInOpExpr2: file:/root/czt-code/typechecker/typechecker-oz/target/test-classes/oz/TypeMismatchInOpExpr2-OpExpr2-Mto1.error" classname="net.sourceforge.czt.typecheck.z.TypeCheckerTest$TestError" time="0.007"/>
  <testcase name="Test error - TypeMismatchInOpExpr2: file:/root/czt-code/typechecker/typechecker-oz/target/test-classes/oz/TypeMismatchInOpExpr2-OpExpr2-MtoM.error" classname="net.sourceforge.czt.typecheck.z.TypeCheckerTest$TestError" time="0.014"/>
  <testcase name="Test error - TypeMismatchInOpExpr2: file:/root/czt-code/typechecker/typechecker-oz/target/test-classes/oz/TypeMismatchInOpExpr2-OpExpr2-MtoM.error" classname="net.sourceforge.czt.typecheck.z.TypeCheckerTest$TestError" time="0.011"/>
  <testcase name="Test error - TypeMismatchInOpExpr2: file:/root/czt-code/typechecker/typechecker-oz/target/test-classes/oz/TypeMismatchInOpExpr2-OpExpr2-MtoM.error" classname="net.sourceforge.czt.typecheck.z.TypeCheckerTest$TestError" time="0.007"/>
  <testcase name="Test error - TypeMismatchInOpExpr2: file:/root/czt-code/typechecker/typechecker-oz/target/test-classes/oz/TypeMismatchInOpExpr2-ScopeEnrichOpExpr.error" classname="net.sourceforge.czt.typecheck.z.TypeCheckerTest$TestError" time="0"/>
  <testcase name="Test error - TypeMismatchInOpExpr2: file:/root/czt-code/typechecker/typechecker-oz/target/test-classes/oz/TypeMismatchInOpExpr2-ScopeEnrichOpExpr.error" classname="net.sourceforge.czt.typecheck.z.TypeCheckerTest$TestError" time="0"/>
  <testcase name="Test error - TypeMismatchInOpExpr2: file:/root/czt-code/typechecker/typechecker-oz/target/test-classes/oz/TypeMismatchInOpExpr2-ScopeEnrichOpExpr.error" classname="net.sourceforge.czt.typecheck.z.TypeCheckerTest$TestError" time="0"/>
  <testcase name="Test error - TypeMismatchInParallelOpExpr: file:/root/czt-code/typechecker/typechecker-oz/target/test-classes/oz/TypeMismatchInParallelOpExpr-ParallelOpExpr-1to1.error" classname="net.sourceforge.czt.typecheck.z.TypeCheckerTest$TestError" time="0.011"/>
  <testcase name="Test error - TypeMismatchInParallelOpExpr: file:/root/czt-code/typechecker/typechecker-oz/target/test-classes/oz/TypeMismatchInParallelOpExpr-ParallelOpExpr-1to1.error" classname="net.sourceforge.czt.typecheck.z.TypeCheckerTest$TestError" time="0.007"/>
  <testcase name="Test error - TypeMismatchInParallelOpExpr: file:/root/czt-code/typechecker/typechecker-oz/target/test-classes/oz/TypeMismatchInParallelOpExpr-ParallelOpExpr-1to1.error" classname="net.sourceforge.czt.typecheck.z.TypeCheckerTest$TestError" time="0.013"/>
  <testcase name="Test error - TypeMismatchInParallelOpExpr: file:/root/czt-code/typechecker/typechecker-oz/target/test-classes/oz/TypeMismatchInParallelOpExpr-ParallelOpExpr-1toM.error" classname="net.sourceforge.czt.typecheck.z.TypeCheckerTest$TestError" time="0.007"/>
  <testcase name="Test error - TypeMismatchInParallelOpExpr: file:/root/czt-code/typechecker/typechecker-oz/target/test-classes/oz/TypeMismatchInParallelOpExpr-ParallelOpExpr-1toM.error" classname="net.sourceforge.czt.typecheck.z.TypeCheckerTest$TestError" time="0.007"/>
  <testcase name="Test error - TypeMismatchInParallelOpExpr: file:/root/czt-code/typechecker/typechecker-oz/target/test-classes/oz/TypeMismatchInParallelOpExpr-ParallelOpExpr-1toM.error" classname="net.sourceforge.czt.typecheck.z.TypeCheckerTest$TestError" time="0"/>
  <testcase name="Test error - TypeMismatchInParallelOpExpr: file:/root/czt-code/typechecker/typechecker-oz/target/test-classes/oz/TypeMismatchInParallelOpExpr-ParallelOpExpr-Mto1.error" classname="net.sourceforge.czt.typecheck.z.TypeCheckerTest$TestError" time="0.007"/>
  <testcase name="Test error - TypeMismatchInParallelOpExpr: file:/root/czt-code/typechecker/typechecker-oz/target/test-classes/oz/TypeMismatchInParallelOpExpr-ParallelOpExpr-Mto1.error" classname="net.sourceforge.czt.typecheck.z.TypeCheckerTest$TestError" time="0.007"/>
  <testcase name="Test error - TypeMismatchInParallelOpExpr: file:/root/czt-code/typechecker/typechecker-oz/target/test-classes/oz/TypeMismatchInParallelOpExpr-ParallelOpExpr-Mto1.error" classname="net.sourceforge.czt.typecheck.z.TypeCheckerTest$TestError" time="0.014"/>
  <testcase name="Test error - TypeMismatchInParallelOpExpr: file:/root/czt-code/typechecker/typechecker-oz/target/test-classes/oz/TypeMismatchInParallelOpExpr-ParallelOpExpr-MtoM.error" classname="net.sourceforge.czt.typecheck.z.TypeCheckerTest$TestError" time="0.007"/>
  <testcase name="Test error - TypeMismatchInParallelOpExpr: file:/root/czt-code/typechecker/typechecker-oz/target/test-classes/oz/TypeMismatchInParallelOpExpr-ParallelOpExpr-MtoM.error" classname="net.sourceforge.czt.typecheck.z.TypeCheckerTest$TestError" time="0.007"/>
  <testcase name="Test error - TypeMismatchInParallelOpExpr: file:/root/czt-code/typechecker/typechecker-oz/target/test-classes/oz/TypeMismatchInParallelOpExpr-ParallelOpExpr-MtoM.error" classname="net.sourceforge.czt.typecheck.z.TypeCheckerTest$TestError" time="0"/>
  <testcase name="Test error - TypeMismatchInSeqOpExpr: file:/root/czt-code/typechecker/typechecker-oz/target/test-classes/oz/TypeMismatchInSeqOpExpr-SeqOpExpr-1to1.error" classname="net.sourceforge.czt.typecheck.z.TypeCheckerTest$TestError" time="0.011"/>
  <testcase name="Test error - TypeMismatchInSeqOpExpr: file:/root/czt-code/typechecker/typechecker-oz/target/test-classes/oz/TypeMismatchInSeqOpExpr-SeqOpExpr-1to1.error" classname="net.sourceforge.czt.typecheck.z.TypeCheckerTest$TestError" time="0.007"/>
  <testcase name="Test error - TypeMismatchInSeqOpExpr: file:/root/czt-code/typechecker/typechecker-oz/target/test-classes/oz/TypeMismatchInSeqOpExpr-SeqOpExpr-1to1.error" classname="net.sourceforge.czt.typecheck.z.TypeCheckerTest$TestError" time="0.019"/>
  <testcase name="Test error - TypeMismatchInSeqOpExpr: file:/root/czt-code/typechecker/typechecker-oz/target/test-classes/oz/TypeMismatchInSeqOpExpr-SeqOpExpr-1toM.error" classname="net.sourceforge.czt.typecheck.z.TypeCheckerTest$TestError" time="0.007"/>
  <testcase name="Test error - TypeMismatchInSeqOpExpr: file:/root/czt-code/typechecker/typechecker-oz/target/test-classes/oz/TypeMismatchInSeqOpExpr-SeqOpExpr-1toM.error" classname="net.sourceforge.czt.typecheck.z.TypeCheckerTest$TestError" time="0.007"/>
  <testcase name="Test error - TypeMismatchInSeqOpExpr: file:/root/czt-code/typechecker/typechecker-oz/target/test-classes/oz/TypeMismatchInSeqOpExpr-SeqOpExpr-1toM.error" classname="net.sourceforge.czt.typecheck.z.TypeCheckerTest$TestError" time="0.011"/>
  <testcase name="Test error - TypeMismatchInSeqOpExpr: file:/root/czt-code/typechecker/typechecker-oz/target/test-classes/oz/TypeMismatchInSeqOpExpr-SeqOpExpr-Mto1.error" classname="net.sourceforge.czt.typecheck.z.TypeCheckerTest$TestError" time="0.017"/>
  <testcase name="Test error - TypeMismatchInSeqOpExpr: file:/root/czt-code/typechecker/typechecker-oz/target/test-classes/oz/TypeMismatchInSeqOpExpr-SeqOpExpr-Mto1.error" classname="net.sourceforge.czt.typecheck.z.TypeCheckerTest$TestError" time="0"/>
  <testcase name="Test error - TypeMismatchInSeqOpExpr: file:/root/czt-code/typechecker/typechecker-oz/target/test-classes/oz/TypeMismatchInSeqOpExpr-SeqOpExpr-Mto1.error" classname="net.sourceforge.czt.typecheck.z.TypeCheckerTest$TestError" time="0"/>
  <testcase name="Test error - TypeMismatchInSeqOpExpr: file:/root/czt-code/typechecker/typechecker-oz/target/test-classes/oz/TypeMismatchInSeqOpExpr-SeqOpExpr-MtoM.error" classname="net.sourceforge.czt.typecheck.z.TypeCheckerTest$TestError" time="0"/>
  <testcase name="Test error - TypeMismatchInSeqOpExpr: file:/root/czt-code/typechecker/typechecker-oz/target/test-classes/oz/TypeMismatchInSeqOpExpr-SeqOpExpr-MtoM.error" classname="net.sourceforge.czt.typecheck.z.TypeCheckerTest$TestError" time="0.007"/>
  <testcase name="Test error - TypeMismatchInSeqOpExpr: file:/root/czt-code/typechecker/typechecker-oz/target/test-classes/oz/TypeMismatchInSeqOpExpr-SeqOpExpr-MtoM.error" classname="net.sourceforge.czt.typecheck.z.TypeCheckerTest$TestError" time="0.011"/>
  <testcase name="Test error - UndeclaredIdentifier: file:/root/czt-code/typechecker/typechecker-oz/target/test-classes/oz/UndeclaredIdentifier-DistOpExpr-1.error" classname="net.sourceforge.czt.typecheck.z.TypeCheckerTest$TestError" time="0.022"/>
  <testcase name="Test error - UndeclaredIdentifier: file:/root/czt-code/typechecker/typechecker-oz/target/test-classes/oz/UndeclaredIdentifier-DistOpExpr-1.error" classname="net.sourceforge.czt.typecheck.z.TypeCheckerTest$TestError" time="0.011"/>
  <testcase name="Test error - UndeclaredIdentifier: file:/root/czt-code/typechecker/typechecker-oz/target/test-classes/oz/UndeclaredIdentifier-DistOpExpr-1.error" classname="net.sourceforge.czt.typecheck.z.TypeCheckerTest$TestError" time="0"/>
  <testcase name="Test error - UndeclaredIdentifier: file:/root/czt-code/typechecker/typechecker-oz/target/test-classes/oz/UndeclaredIdentifier-DistOpExpr-2.error" classname="net.sourceforge.czt.typecheck.z.TypeCheckerTest$TestError" time="0.011"/>
  <testcase name="Test error - UndeclaredIdentifier: file:/root/czt-code/typechecker/typechecker-oz/target/test-classes/oz/UndeclaredIdentifier-DistOpExpr-2.error" classname="net.sourceforge.czt.typecheck.z.TypeCheckerTest$TestError" time="0.007"/>
  <testcase name="Test error - UndeclaredIdentifier: file:/root/czt-code/typechecker/typechecker-oz/target/test-classes/oz/UndeclaredIdentifier-DistOpExpr-2.error" classname="net.sourceforge.czt.typecheck.z.TypeCheckerTest$TestError" time="0.007"/>
  <testcase name="Test normal: file:/root/czt-code/typechecker/typechecker-oz/target/test-classes/oz/class-template.tex" classname="net.sourceforge.czt.typecheck.z.TypeCheckerTest$TestNormal" time="0.011"/>
  <testcase name="Test normal: file:/root/czt-code/typechecker/typechecker-oz/target/test-classes/oz/class-template.tex" classname="net.sourceforge.czt.typecheck.z.TypeCheckerTest$TestNormal" time="0.007"/>
  <testcase name="Test normal: file:/root/czt-code/typechecker/typechecker-oz/target/test-classes/oz/class-template.tex" classname="net.sourceforge.czt.typecheck.z.TypeCheckerTest$TestNormal" time="0.007"/>
  <testcase name="Test normal: file:/root/czt-code/typechecker/typechecker-oz/target/test-classes/oz/template.tex" classname="net.sourceforge.czt.typecheck.z.TypeCheckerTest$TestNormal" time="0.007"/>
  <testcase name="Test normal: file:/root/czt-code/typechecker/typechecker-oz/target/test-classes/oz/template.tex" classname="net.sourceforge.czt.typecheck.z.TypeCheckerTest$TestNormal" time="0.007"/>
  <testcase name="Test normal: file:/root/czt-code/typechecker/typechecker-oz/target/test-classes/oz/template.tex" classname="net.sourceforge.czt.typecheck.z.TypeCheckerTest$TestNormal" time="0.007"/>
  <testcase name="Test error - CyclicInheritance: file:/root/czt-code/typechecker/typechecker-oz/target/test-classes/oz/recursiveTypes/CyclicInheritance-AB.error" classname="net.sourceforge.czt.typecheck.z.TypeCheckerTest$TestError" time="0.007"/>
  <testcase name="Test error - CyclicInheritance: file:/root/czt-code/typechecker/typechecker-oz/target/test-classes/oz/recursiveTypes/CyclicInheritance-Generic.error" classname="net.sourceforge.czt.typecheck.z.TypeCheckerTest$TestError" time="0.007"/>
  <testcase name="Test error - CyclicInheritance: file:/root/czt-code/typechecker/typechecker-oz/target/test-classes/oz/recursiveTypes/CyclicInheritance-Graph.error" classname="net.sourceforge.czt.typecheck.z.TypeCheckerTest$TestError" time="0.007"/>
  <testcase name="Test error - CyclicInheritance: file:/root/czt-code/typechecker/typechecker-oz/target/test-classes/oz/recursiveTypes/CyclicInheritance-Transitive.error" classname="net.sourceforge.czt.typecheck.z.TypeCheckerTest$TestError" time="0.007"/>
  <testcase name="Test normal: file:/root/czt-code/typechecker/typechecker-oz/target/test-classes/oz/recursiveTypes/DoubleRename.tex" classname="net.sourceforge.czt.typecheck.z.TypeCheckerTest$TestNormal" time="0.014"/>
  <testcase name="Test normal: file:/root/czt-code/typechecker/typechecker-oz/target/test-classes/oz/recursiveTypes/InfinitelyRecursiveOp.tex" classname="net.sourceforge.czt.typecheck.z.TypeCheckerTest$TestNormal" time="0.015"/>
  <testcase name="Test normal: file:/root/czt-code/typechecker/typechecker-oz/target/test-classes/oz/recursiveTypes/RecursiveClassReferences.tex" classname="net.sourceforge.czt.typecheck.z.TypeCheckerTest$TestNormal" time="0.109"/>
  <testcase name="Test normal: file:/root/czt-code/typechecker/typechecker-oz/target/test-classes/oz/recursiveTypes/RecursiveOps.tex" classname="net.sourceforge.czt.typecheck.z.TypeCheckerTest$TestNormal" time="0.017"/>
  <testcase name="Test error - TypeMismatchInOpExpr2: file:/root/czt-code/typechecker/typechecker-oz/target/test-classes/oz/recursiveTypes/TypeMismatchInOpExpr2-OpExpr2.error" classname="net.sourceforge.czt.typecheck.z.TypeCheckerTest$TestError" time="0.014"/>
  <testcase name="Test error - TypeMismatchInEquality: file:/root/czt-code/typechecker/typechecker-oz/target/test-classes/oz/strong/TypeMismatchInEquality-MemPred.error" classname="net.sourceforge.czt.typecheck.z.TypeCheckerTest$TestError" time="0.007"/>
  <testcase name="Test error - TypeMismatchInEquality: file:/root/czt-code/typechecker/typechecker-oz/target/test-classes/oz/strong/TypeMismatchInEquality-PolyExpr.error" classname="net.sourceforge.czt.typecheck.z.TypeCheckerTest$TestError" time="0.007"/>
  <testcase name="Test normal: file:/root/czt-code/typechecker/typechecker-oz/target/test-classes/oz/weak/ApplExpr.tex" classname="net.sourceforge.czt.typecheck.z.TypeCheckerTest$TestNormal" time="0.007"/>
  <testcase name="Test normal: file:/root/czt-code/typechecker/typechecker-oz/target/test-classes/oz/weak/ClassCondExpr.tex" classname="net.sourceforge.czt.typecheck.z.TypeCheckerTest$TestNormal" time="0.007"/>
  <testcase name="Test error - NonExistentNameInOpPromExpr: file:/root/czt-code/typechecker/typechecker-oz/target/test-classes/oz/weak/NonExistentNameInOpPromExpr-Vtype.error" classname="net.sourceforge.czt.typecheck.z.TypeCheckerTest$TestError" time="0.007"/>
  <testcase name="Test error - NonExistentSelection: file:/root/czt-code/typechecker/typechecker-oz/target/test-classes/oz/weak/NonExistentSelection-Vtype.error" classname="net.sourceforge.czt.typecheck.z.TypeCheckerTest$TestError" time="0.007"/>
  <testcase name="Test error - TypeMismatchInEquality: file:/root/czt-code/typechecker/typechecker-oz/target/test-classes/oz/weak/TypeMismatchInEquality-Vtype-Attr-1.error" classname="net.sourceforge.czt.typecheck.z.TypeCheckerTest$TestError" time="0.011"/>
  <testcase name="Test error - TypeMismatchInEquality: file:/root/czt-code/typechecker/typechecker-oz/target/test-classes/oz/weak/TypeMismatchInEquality-Vtype-Attr-2.error" classname="net.sourceforge.czt.typecheck.z.TypeCheckerTest$TestError" time="0.007"/>
  <testcase name="Test error - TypeMismatchInEquality: file:/root/czt-code/typechecker/typechecker-oz/target/test-classes/oz/weak/TypeMismatchInEquality-Vtype-Op-1.error" classname="net.sourceforge.czt.typecheck.z.TypeCheckerTest$TestError" time="0.007"/>
  <testcase name="Test error - TypeMismatchInEquality: file:/root/czt-code/typechecker/typechecker-oz/target/test-classes/oz/weak/TypeMismatchInEquality-Vtype-Op-2.error" classname="net.sourceforge.czt.typecheck.z.TypeCheckerTest$TestError" time="0.007"/>
  <testcase name="Test error - TypeMismatchInEquality: file:/root/czt-code/typechecker/typechecker-oz/target/test-classes/oz/weak/TypeMismatchInEquality-Vtype-State-1.error" classname="net.sourceforge.czt.typecheck.z.TypeCheckerTest$TestError" time="0.011"/>
  <testcase name="Test error - TypeMismatchInEquality: file:/root/czt-code/typechecker/typechecker-oz/target/test-classes/oz/weak/TypeMismatchInEquality-Vtype-State-2.error" classname="net.sourceforge.czt.typecheck.z.TypeCheckerTest$TestError" time="0"/>
  <testcase name="Test normal: file:/root/czt-code/typechecker/typechecker-oz/target/test-classes/oz/weak/WeakUnification.tex" classname="net.sourceforge.czt.typecheck.z.TypeCheckerTest$TestNormal" time="0.011"/>
</testsuite>