<?xml version="1.0" encoding="UTF-8"?>
<testsuite name="net.sourceforge.czt.zeves.CZT2ZEvesPrintingTest" time="10.277" tests="38" errors="0" skipped="0" failures="0">
  <properties>
[...]
</properties>
  <testcase name="Test normal: file:/root/czt-code/zeves/target/test-classes/tests/TID-proofs.tex" classname="net.sourceforge.czt.parser.util.CztManagedTest$TestNormal" time="5.806"/>
  <testcase name="Test normal: file:/root/czt-code/zeves/target/test-classes/tests/appTo.tex" classname="net.sourceforge.czt.parser.util.CztManagedTest$TestNormal" time="0.173"/>
  <testcase name="Test normal: file:/root/czt-code/zeves/target/test-classes/tests/atm_bags.tex" classname="net.sourceforge.czt.parser.util.CztManagedTest$TestNormal" time="0.129"/>
  <testcase name="Test normal: file:/root/czt-code/zeves/target/test-classes/tests/bagtoolkit.tex" classname="net.sourceforge.czt.parser.util.CztManagedTest$TestNormal" time="0.126"/>
  <testcase name="Test normal: file:/root/czt-code/zeves/target/test-classes/tests/bbook.tex" classname="net.sourceforge.czt.parser.util.CztManagedTest$TestNormal" time="0.171"/>
  <testcase name="Test normal: file:/root/czt-code/zeves/target/test-classes/tests/bbook.zed8" classname="net.sourceforge.czt.parser.util.CztManagedTest$TestNormal" time="0.19"/>
  <testcase name="Test normal: file:/root/czt-code/zeves/target/test-classes/tests/bbook.zev" classname="net.sourceforge.czt.parser.util.CztManagedTest$TestNormal" time="0.15"/>
  <testcase name="Test normal: file:/root/czt-code/zeves/target/test-classes/tests/bindSel.tex" classname="net.sourceforge.czt.parser.util.CztManagedTest$TestNormal" time="0.102"/>
  <testcase name="Test normal: file:/root/czt-code/zeves/target/test-classes/tests/caviar.tex" classname="net.sourceforge.czt.parser.util.CztManagedTest$TestNormal" time="0.107"/>
  <testcase name="Test normal: file:/root/czt-code/zeves/target/test-classes/tests/chain.tex" classname="net.sourceforge.czt.parser.util.CztManagedTest$TestNormal" time="0.869"/>
  <testcase name="Test normal: file:/root/czt-code/zeves/target/test-classes/tests/cliffs-experiment.tex" classname="net.sourceforge.czt.parser.util.CztManagedTest$TestNormal" time="0.118"/>
  <testcase name="Test normal: file:/root/czt-code/zeves/target/test-classes/tests/dollarNamedThm.tex" classname="net.sourceforge.czt.parser.util.CztManagedTest$TestNormal" time="0.08"/>
  <testcase name="Test normal: file:/root/czt-code/zeves/target/test-classes/tests/forest.tex" classname="net.sourceforge.czt.parser.util.CztManagedTest$TestNormal" time="0.085"/>
  <testcase name="Test normal: file:/root/czt-code/zeves/target/test-classes/tests/freertos.tex" classname="net.sourceforge.czt.parser.util.CztManagedTest$TestNormal" time="0.08"/>
  <testcase name="Test normal: file:/root/czt-code/zeves/target/test-classes/tests/genActs.tex" classname="net.sourceforge.czt.parser.util.CztManagedTest$TestNormal" time="0.13"/>
  <testcase name="Test normal: file:/root/czt-code/zeves/target/test-classes/tests/ifthenElse.tex" classname="net.sourceforge.czt.parser.util.CztManagedTest$TestNormal" time="0.078"/>
  <testcase name="Test normal: file:/root/czt-code/zeves/target/test-classes/tests/instantiateTest.tex" classname="net.sourceforge.czt.parser.util.CztManagedTest$TestNormal" time="0.113"/>
  <testcase name="Test normal: file:/root/czt-code/zeves/target/test-classes/tests/markedforesttoy.tex" classname="net.sourceforge.czt.parser.util.CztManagedTest$TestNormal" time="0.102"/>
  <testcase name="Test normal: file:/root/czt-code/zeves/target/test-classes/tests/mondex.tex" classname="net.sourceforge.czt.parser.util.CztManagedTest$TestNormal" time="0.091"/>
  <testcase name="Test normal: file:/root/czt-code/zeves/target/test-classes/tests/negate.tex" classname="net.sourceforge.czt.parser.util.CztManagedTest$TestNormal" time="0.093"/>
  <testcase name="Test normal: file:/root/czt-code/zeves/target/test-classes/tests/opnames.tex" classname="net.sourceforge.czt.parser.util.CztManagedTest$TestNormal" time="0.064"/>
  <testcase name="Test normal: file:/root/czt-code/zeves/target/test-classes/tests/proofCmds.tex" classname="net.sourceforge.czt.parser.util.CztManagedTest$TestNormal" time="0.158"/>
  <testcase name="Test normal: file:/root/czt-code/zeves/target/test-classes/tests/refexpr_test.tex" classname="net.sourceforge.czt.parser.util.CztManagedTest$TestNormal" time="0.072"/>
  <testcase name="Test normal: file:/root/czt-code/zeves/target/test-classes/tests/schemaCalculus.tex" classname="net.sourceforge.czt.parser.util.CztManagedTest$TestNormal" time="0.077"/>
  <testcase name="Test normal: file:/root/czt-code/zeves/target/test-classes/tests/schemaSet.tex" classname="net.sourceforge.czt.parser.util.CztManagedTest$TestNormal" time="0.018"/>
  <testcase name="Test normal: file:/root/czt-code/zeves/target/test-classes/tests/simple.tex" classname="net.sourceforge.czt.parser.util.CztManagedTest$TestNormal" time="0.179"/>
  <testcase name="Test normal: file:/root/czt-code/zeves/target/test-classes/tests/simpleUnicode.zed8" classname="net.sourceforge.czt.parser.util.CztManagedTest$TestNormal" time="0.083"/>
  <testcase name="Test normal: file:/root/czt-code/zeves/target/test-classes/tests/smalltest.tex" classname="net.sourceforge.czt.parser.util.CztManagedTest$TestNormal" time="0.079"/>
  <testcase name="Test normal: file:/root/czt-code/zeves/target/test-classes/tests/toolkitThms.tex" classname="net.sourceforge.czt.parser.util.CztManagedTest$TestNormal" time="0.097"/>
  <testcase name="Test normal: file:/root/czt-code/zeves/target/test-classes/tests/underscoreNamedThm.tex" classname="net.sourceforge.czt.parser.util.CztManagedTest$TestNormal" time="0.015"/>
  <testcase name="Test normal: file:/root/czt-code/zeves/target/test-classes/tests/workflow.tex" classname="net.sourceforge.czt.parser.util.CztManagedTest$TestNormal" time="0.08"/>
  <testcase name="Test normal: file:/root/czt-code/zeves/target/test-classes/tests/zevesability.tex" classname="net.sourceforge.czt.parser.util.CztManagedTest$TestNormal" time="0.093"/>
  <testcase name="Test normal: file:/root/czt-code/zeves/target/test-classes/tests/zeveslabels.tex" classname="net.sourceforge.czt.parser.util.CztManagedTest$TestNormal" time="0.075"/>
  <testcase name="Test normal: file:/root/czt-code/zeves/target/test-classes/tests/zeveslabelsUnicode.zed8" classname="net.sourceforge.czt.parser.util.CztManagedTest$TestNormal" time="0.08"/>
  <testcase name="Test normal: file:/root/czt-code/zeves/target/test-classes/tests/zevesopt.tex" classname="net.sourceforge.czt.parser.util.CztManagedTest$TestNormal" time="0.072"/>
  <testcase name="Test normal: file:/root/czt-code/zeves/target/test-classes/tests/zevesrenaming.tex" classname="net.sourceforge.czt.parser.util.CztManagedTest$TestNormal" time="0.078"/>
  <testcase name="Test normal: file:/root/czt-code/zeves/target/test-classes/tests/zevesspecialops.tex" classname="net.sourceforge.czt.parser.util.CztManagedTest$TestNormal" time="0.084"/>
  <testcase name="Test normal: file:/root/czt-code/zeves/target/test-classes/tests/zopt.tex" classname="net.sourceforge.czt.parser.util.CztManagedTest$TestNormal" time="0.08"/>
</testsuite>